09-Dec-2022 14:57:41.636 INFORMAÇÕES [main] org.apache.catalina.startup.VersionLoggerListener.log Server version name:   Apache Tomcat/8.5.50
09-Dec-2022 14:57:41.637 INFORMAÇÕES [main] org.apache.catalina.startup.VersionLoggerListener.log Server built:          Dec 7 2019 19:19:46 UTC
09-Dec-2022 14:57:41.637 INFORMAÇÕES [main] org.apache.catalina.startup.VersionLoggerListener.log Server version number: 8.5.50.0
09-Dec-2022 14:57:41.637 INFORMAÇÕES [main] org.apache.catalina.startup.VersionLoggerListener.log OS Name:               Linux
09-Dec-2022 14:57:41.637 INFORMAÇÕES [main] org.apache.catalina.startup.VersionLoggerListener.log OS Version:            5.15.0-56-generic
09-Dec-2022 14:57:41.637 INFORMAÇÕES [main] org.apache.catalina.startup.VersionLoggerListener.log Architecture:          amd64
09-Dec-2022 14:57:41.637 INFORMAÇÕES [main] org.apache.catalina.startup.VersionLoggerListener.log Java Home:             /usr/lib/jdk/jdk-1.8/jre
09-Dec-2022 14:57:41.637 INFORMAÇÕES [main] org.apache.catalina.startup.VersionLoggerListener.log JVM Version:           1.8.0_352-352-b08
09-Dec-2022 14:57:41.637 INFORMAÇÕES [main] org.apache.catalina.startup.VersionLoggerListener.log JVM Vendor:            OpenLogic-OpenJDK
09-Dec-2022 14:57:41.638 INFORMAÇÕES [main] org.apache.catalina.startup.VersionLoggerListener.log CATALINA_BASE:         /home/al3ncar/www/DevOps/apache-tomcat-8.5.50
09-Dec-2022 14:57:41.638 INFORMAÇÕES [main] org.apache.catalina.startup.VersionLoggerListener.log CATALINA_HOME:         /home/al3ncar/www/DevOps/apache-tomcat-8.5.50
09-Dec-2022 14:57:41.638 INFORMAÇÕES [main] org.apache.catalina.startup.VersionLoggerListener.log Command line argument: -Djava.util.logging.config.file=/home/al3ncar/www/DevOps/apache-tomcat-8.5.50/conf/logging.properties
09-Dec-2022 14:57:41.638 INFORMAÇÕES [main] org.apache.catalina.startup.VersionLoggerListener.log Command line argument: -Djava.util.logging.manager=org.apache.juli.ClassLoaderLogManager
09-Dec-2022 14:57:41.638 INFORMAÇÕES [main] org.apache.catalina.startup.VersionLoggerListener.log Command line argument: -Djdk.tls.ephemeralDHKeySize=2048
09-Dec-2022 14:57:41.638 INFORMAÇÕES [main] org.apache.catalina.startup.VersionLoggerListener.log Command line argument: -Djava.protocol.handler.pkgs=org.apache.catalina.webresources
09-Dec-2022 14:57:41.638 INFORMAÇÕES [main] org.apache.catalina.startup.VersionLoggerListener.log Command line argument: -Dorg.apache.catalina.security.SecurityListener.UMASK=0027
09-Dec-2022 14:57:41.638 INFORMAÇÕES [main] org.apache.catalina.startup.VersionLoggerListener.log Command line argument: -Dignore.endorsed.dirs=
09-Dec-2022 14:57:41.638 INFORMAÇÕES [main] org.apache.catalina.startup.VersionLoggerListener.log Command line argument: -Dcatalina.base=/home/al3ncar/www/DevOps/apache-tomcat-8.5.50
09-Dec-2022 14:57:41.638 INFORMAÇÕES [main] org.apache.catalina.startup.VersionLoggerListener.log Command line argument: -Dcatalina.home=/home/al3ncar/www/DevOps/apache-tomcat-8.5.50
09-Dec-2022 14:57:41.639 INFORMAÇÕES [main] org.apache.catalina.startup.VersionLoggerListener.log Command line argument: -Djava.io.tmpdir=/home/al3ncar/www/DevOps/apache-tomcat-8.5.50/temp
09-Dec-2022 14:57:41.639 INFORMAÇÕES [main] org.apache.catalina.core.AprLifecycleListener.lifecycleEvent The APR based Apache Tomcat Native library which allows optimal performance in production environments was not found on the java.library.path: [/usr/java/packages/lib/amd64:/usr/lib64:/lib64:/lib:/usr/lib]
09-Dec-2022 14:57:41.695 INFORMAÇÕES [main] org.apache.coyote.AbstractProtocol.init Initializing ProtocolHandler ["http-nio-8001"]
09-Dec-2022 14:57:41.700 INFORMAÇÕES [main] org.apache.tomcat.util.net.NioSelectorPool.getSharedSelector Using a shared selector for servlet write/read
09-Dec-2022 14:57:41.710 INFORMAÇÕES [main] org.apache.coyote.AbstractProtocol.init Initializing ProtocolHandler ["ajp-nio-8009"]
09-Dec-2022 14:57:41.711 INFORMAÇÕES [main] org.apache.tomcat.util.net.NioSelectorPool.getSharedSelector Using a shared selector for servlet write/read
09-Dec-2022 14:57:41.712 INFORMAÇÕES [main] org.apache.catalina.startup.Catalina.load Initialization processed in 401 ms
09-Dec-2022 14:57:41.736 INFORMAÇÕES [main] org.apache.catalina.core.StandardService.startInternal Starting service [Catalina]
09-Dec-2022 14:57:41.736 INFORMAÇÕES [main] org.apache.catalina.core.StandardEngine.startInternal Starting Servlet Engine: Apache Tomcat/8.5.50
09-Dec-2022 14:57:41.748 INFORMAÇÕES [localhost-startStop-1] org.apache.catalina.startup.HostConfig.deployWAR Deploying web application archive [/home/al3ncar/www/DevOps/apache-tomcat-8.5.50/webapps/tasks-backend.war]
09-Dec-2022 14:57:46.285 INFORMAÇÕES [localhost-startStop-1] org.apache.jasper.servlet.TldScanner.scanJars At least one JAR was scanned for TLDs yet contained no TLDs. Enable debug logging for this logger for a complete list of JARs that were scanned but no TLDs were found in them. Skipping unneeded JARs during scanning can improve startup time and JSP compilation time.
09-Dec-2022 14:57:46.310 INFORMAÇÕES [localhost-startStop-1] org.apache.catalina.startup.HostConfig.deployWAR Deployment of web application archive [/home/al3ncar/www/DevOps/apache-tomcat-8.5.50/webapps/tasks-backend.war] has finished in [4,562] ms
09-Dec-2022 14:57:46.310 INFORMAÇÕES [localhost-startStop-1] org.apache.catalina.startup.HostConfig.deployWAR Deploying web application archive [/home/al3ncar/www/DevOps/apache-tomcat-8.5.50/webapps/tasks.war]
09-Dec-2022 14:57:48.286 INFORMAÇÕES [localhost-startStop-1] org.apache.jasper.servlet.TldScanner.scanJars At least one JAR was scanned for TLDs yet contained no TLDs. Enable debug logging for this logger for a complete list of JARs that were scanned but no TLDs were found in them. Skipping unneeded JARs during scanning can improve startup time and JSP compilation time.
09-Dec-2022 14:57:48.289 INFORMAÇÕES [localhost-startStop-1] org.apache.catalina.startup.HostConfig.deployWAR Deployment of web application archive [/home/al3ncar/www/DevOps/apache-tomcat-8.5.50/webapps/tasks.war] has finished in [1,979] ms
09-Dec-2022 14:57:48.290 INFORMAÇÕES [localhost-startStop-1] org.apache.catalina.startup.HostConfig.deployDirectory Deploying web application directory [/home/al3ncar/www/DevOps/apache-tomcat-8.5.50/webapps/ROOT]
09-Dec-2022 14:57:48.297 INFORMAÇÕES [localhost-startStop-1] org.apache.catalina.startup.HostConfig.deployDirectory Deployment of web application directory [/home/al3ncar/www/DevOps/apache-tomcat-8.5.50/webapps/ROOT] has finished in [7] ms
09-Dec-2022 14:57:48.297 INFORMAÇÕES [localhost-startStop-1] org.apache.catalina.startup.HostConfig.deployDirectory Deploying web application directory [/home/al3ncar/www/DevOps/apache-tomcat-8.5.50/webapps/host-manager]
09-Dec-2022 14:57:48.310 INFORMAÇÕES [localhost-startStop-1] org.apache.catalina.startup.HostConfig.deployDirectory Deployment of web application directory [/home/al3ncar/www/DevOps/apache-tomcat-8.5.50/webapps/host-manager] has finished in [13] ms
09-Dec-2022 14:57:48.310 INFORMAÇÕES [localhost-startStop-1] org.apache.catalina.startup.HostConfig.deployDirectory Deploying web application directory [/home/al3ncar/www/DevOps/apache-tomcat-8.5.50/webapps/examples]
09-Dec-2022 14:57:48.389 INFORMAÇÕES [localhost-startStop-1] org.apache.catalina.startup.HostConfig.deployDirectory Deployment of web application directory [/home/al3ncar/www/DevOps/apache-tomcat-8.5.50/webapps/examples] has finished in [79] ms
09-Dec-2022 14:57:48.389 INFORMAÇÕES [localhost-startStop-1] org.apache.catalina.startup.HostConfig.deployDirectory Deploying web application directory [/home/al3ncar/www/DevOps/apache-tomcat-8.5.50/webapps/docs]
09-Dec-2022 14:57:48.395 INFORMAÇÕES [localhost-startStop-1] org.apache.catalina.startup.HostConfig.deployDirectory Deployment of web application directory [/home/al3ncar/www/DevOps/apache-tomcat-8.5.50/webapps/docs] has finished in [6] ms
09-Dec-2022 14:57:48.396 INFORMAÇÕES [localhost-startStop-1] org.apache.catalina.startup.HostConfig.deployDirectory Deploying web application directory [/home/al3ncar/www/DevOps/apache-tomcat-8.5.50/webapps/manager]
09-Dec-2022 14:57:48.403 INFORMAÇÕES [localhost-startStop-1] org.apache.catalina.startup.HostConfig.deployDirectory Deployment of web application directory [/home/al3ncar/www/DevOps/apache-tomcat-8.5.50/webapps/manager] has finished in [7] ms
09-Dec-2022 14:57:48.406 INFORMAÇÕES [main] org.apache.coyote.AbstractProtocol.start Starting ProtocolHandler ["http-nio-8001"]
09-Dec-2022 14:57:48.412 INFORMAÇÕES [main] org.apache.coyote.AbstractProtocol.start Starting ProtocolHandler ["ajp-nio-8009"]
09-Dec-2022 14:57:48.413 INFORMAÇÕES [main] org.apache.catalina.startup.Catalina.start Server startup in 6701 ms
09-Dec-2022 14:59:33.999 INFORMAÇÕES [main] org.apache.catalina.startup.VersionLoggerListener.log Server version name:   Apache Tomcat/8.5.50
09-Dec-2022 14:59:34.001 INFORMAÇÕES [main] org.apache.catalina.startup.VersionLoggerListener.log Server built:          Dec 7 2019 19:19:46 UTC
09-Dec-2022 14:59:34.001 INFORMAÇÕES [main] org.apache.catalina.startup.VersionLoggerListener.log Server version number: 8.5.50.0
09-Dec-2022 14:59:34.001 INFORMAÇÕES [main] org.apache.catalina.startup.VersionLoggerListener.log OS Name:               Linux
09-Dec-2022 14:59:34.001 INFORMAÇÕES [main] org.apache.catalina.startup.VersionLoggerListener.log OS Version:            5.15.0-56-generic
09-Dec-2022 14:59:34.001 INFORMAÇÕES [main] org.apache.catalina.startup.VersionLoggerListener.log Architecture:          amd64
09-Dec-2022 14:59:34.001 INFORMAÇÕES [main] org.apache.catalina.startup.VersionLoggerListener.log Java Home:             /usr/lib/jdk/jdk-1.8/jre
09-Dec-2022 14:59:34.001 INFORMAÇÕES [main] org.apache.catalina.startup.VersionLoggerListener.log JVM Version:           1.8.0_352-352-b08
09-Dec-2022 14:59:34.001 INFORMAÇÕES [main] org.apache.catalina.startup.VersionLoggerListener.log JVM Vendor:            OpenLogic-OpenJDK
09-Dec-2022 14:59:34.001 INFORMAÇÕES [main] org.apache.catalina.startup.VersionLoggerListener.log CATALINA_BASE:         /home/al3ncar/www/DevOps/apache-tomcat-8.5.50
09-Dec-2022 14:59:34.001 INFORMAÇÕES [main] org.apache.catalina.startup.VersionLoggerListener.log CATALINA_HOME:         /home/al3ncar/www/DevOps/apache-tomcat-8.5.50
09-Dec-2022 14:59:34.001 INFORMAÇÕES [main] org.apache.catalina.startup.VersionLoggerListener.log Command line argument: -Djava.util.logging.config.file=/home/al3ncar/www/DevOps/apache-tomcat-8.5.50/conf/logging.properties
09-Dec-2022 14:59:34.001 INFORMAÇÕES [main] org.apache.catalina.startup.VersionLoggerListener.log Command line argument: -Djava.util.logging.manager=org.apache.juli.ClassLoaderLogManager
09-Dec-2022 14:59:34.002 INFORMAÇÕES [main] org.apache.catalina.startup.VersionLoggerListener.log Command line argument: -Djdk.tls.ephemeralDHKeySize=2048
09-Dec-2022 14:59:34.002 INFORMAÇÕES [main] org.apache.catalina.startup.VersionLoggerListener.log Command line argument: -Djava.protocol.handler.pkgs=org.apache.catalina.webresources
09-Dec-2022 14:59:34.002 INFORMAÇÕES [main] org.apache.catalina.startup.VersionLoggerListener.log Command line argument: -Dorg.apache.catalina.security.SecurityListener.UMASK=0027
09-Dec-2022 14:59:34.002 INFORMAÇÕES [main] org.apache.catalina.startup.VersionLoggerListener.log Command line argument: -Dignore.endorsed.dirs=
09-Dec-2022 14:59:34.002 INFORMAÇÕES [main] org.apache.catalina.startup.VersionLoggerListener.log Command line argument: -Dcatalina.base=/home/al3ncar/www/DevOps/apache-tomcat-8.5.50
09-Dec-2022 14:59:34.002 INFORMAÇÕES [main] org.apache.catalina.startup.VersionLoggerListener.log Command line argument: -Dcatalina.home=/home/al3ncar/www/DevOps/apache-tomcat-8.5.50
09-Dec-2022 14:59:34.002 INFORMAÇÕES [main] org.apache.catalina.startup.VersionLoggerListener.log Command line argument: -Djava.io.tmpdir=/home/al3ncar/www/DevOps/apache-tomcat-8.5.50/temp
09-Dec-2022 14:59:34.002 INFORMAÇÕES [main] org.apache.catalina.core.AprLifecycleListener.lifecycleEvent The APR based Apache Tomcat Native library which allows optimal performance in production environments was not found on the java.library.path: [/usr/java/packages/lib/amd64:/usr/lib64:/lib64:/lib:/usr/lib]
09-Dec-2022 14:59:34.048 INFORMAÇÕES [main] org.apache.coyote.AbstractProtocol.init Initializing ProtocolHandler ["http-nio-8001"]
09-Dec-2022 14:59:34.053 GRAVE [main] org.apache.catalina.core.StandardService.initInternal Failed to initialize connector [Connector[HTTP/1.1-8001]]
	org.apache.catalina.LifecycleException: Protocol handler initialization failed
		at org.apache.catalina.connector.Connector.initInternal(Connector.java:995)
		at org.apache.catalina.util.LifecycleBase.init(LifecycleBase.java:136)
		at org.apache.catalina.core.StandardService.initInternal(StandardService.java:552)
		at org.apache.catalina.util.LifecycleBase.init(LifecycleBase.java:136)
		at org.apache.catalina.core.StandardServer.initInternal(StandardServer.java:848)
		at org.apache.catalina.util.LifecycleBase.init(LifecycleBase.java:136)
		at org.apache.catalina.startup.Catalina.load(Catalina.java:639)
		at org.apache.catalina.startup.Catalina.load(Catalina.java:662)
		at sun.reflect.NativeMethodAccessorImpl.invoke0(Native Method)
		at sun.reflect.NativeMethodAccessorImpl.invoke(NativeMethodAccessorImpl.java:62)
		at sun.reflect.DelegatingMethodAccessorImpl.invoke(DelegatingMethodAccessorImpl.java:43)
		at java.lang.reflect.Method.invoke(Method.java:498)
		at org.apache.catalina.startup.Bootstrap.load(Bootstrap.java:303)
		at org.apache.catalina.startup.Bootstrap.main(Bootstrap.java:473)
	Caused by: java.net.BindException: Endereço já em uso
		at sun.nio.ch.Net.bind0(Native Method)
		at sun.nio.ch.Net.bind(Net.java:461)
		at sun.nio.ch.Net.bind(Net.java:453)
		at sun.nio.ch.ServerSocketChannelImpl.bind(ServerSocketChannelImpl.java:222)
		at sun.nio.ch.ServerSocketAdaptor.bind(ServerSocketAdaptor.java:85)
		at org.apache.tomcat.util.net.NioEndpoint.bind(NioEndpoint.java:221)
		at org.apache.tomcat.util.net.AbstractEndpoint.init(AbstractEndpoint.java:1118)
		at org.apache.tomcat.util.net.AbstractJsseEndpoint.init(AbstractJsseEndpoint.java:223)
		at org.apache.coyote.AbstractProtocol.init(AbstractProtocol.java:581)
		at org.apache.coyote.http11.AbstractHttp11Protocol.init(AbstractHttp11Protocol.java:70)
		at org.apache.catalina.connector.Connector.initInternal(Connector.java:993)
		... 13 more
09-Dec-2022 14:59:34.053 INFORMAÇÕES [main] org.apache.coyote.AbstractProtocol.init Initializing ProtocolHandler ["ajp-nio-8009"]
09-Dec-2022 14:59:34.054 GRAVE [main] org.apache.catalina.core.StandardService.initInternal Failed to initialize connector [Connector[AJP/1.3-8009]]
	org.apache.catalina.LifecycleException: Protocol handler initialization failed
		at org.apache.catalina.connector.Connector.initInternal(Connector.java:995)
		at org.apache.catalina.util.LifecycleBase.init(LifecycleBase.java:136)
		at org.apache.catalina.core.StandardService.initInternal(StandardService.java:552)
		at org.apache.catalina.util.LifecycleBase.init(LifecycleBase.java:136)
		at org.apache.catalina.core.StandardServer.initInternal(StandardServer.java:848)
		at org.apache.catalina.util.LifecycleBase.init(LifecycleBase.java:136)
		at org.apache.catalina.startup.Catalina.load(Catalina.java:639)
		at org.apache.catalina.startup.Catalina.load(Catalina.java:662)
		at sun.reflect.NativeMethodAccessorImpl.invoke0(Native Method)
		at sun.reflect.NativeMethodAccessorImpl.invoke(NativeMethodAccessorImpl.java:62)
		at sun.reflect.DelegatingMethodAccessorImpl.invoke(DelegatingMethodAccessorImpl.java:43)
		at java.lang.reflect.Method.invoke(Method.java:498)
		at org.apache.catalina.startup.Bootstrap.load(Bootstrap.java:303)
		at org.apache.catalina.startup.Bootstrap.main(Bootstrap.java:473)
	Caused by: java.net.BindException: Endereço já em uso
		at sun.nio.ch.Net.bind0(Native Method)
		at sun.nio.ch.Net.bind(Net.java:461)
		at sun.nio.ch.Net.bind(Net.java:453)
		at sun.nio.ch.ServerSocketChannelImpl.bind(ServerSocketChannelImpl.java:222)
		at sun.nio.ch.ServerSocketAdaptor.bind(ServerSocketAdaptor.java:85)
		at org.apache.tomcat.util.net.NioEndpoint.bind(NioEndpoint.java:221)
		at org.apache.tomcat.util.net.AbstractEndpoint.init(AbstractEndpoint.java:1118)
		at org.apache.tomcat.util.net.AbstractJsseEndpoint.init(AbstractJsseEndpoint.java:223)
		at org.apache.coyote.AbstractProtocol.init(AbstractProtocol.java:581)
		at org.apache.catalina.connector.Connector.initInternal(Connector.java:993)
		... 13 more
09-Dec-2022 14:59:34.054 INFORMAÇÕES [main] org.apache.catalina.startup.Catalina.load Initialization processed in 504 ms
09-Dec-2022 14:59:34.074 INFORMAÇÕES [main] org.apache.catalina.core.StandardService.startInternal Starting service [Catalina]
09-Dec-2022 14:59:34.074 INFORMAÇÕES [main] org.apache.catalina.core.StandardEngine.startInternal Starting Servlet Engine: Apache Tomcat/8.5.50
09-Dec-2022 14:59:34.087 INFORMAÇÕES [localhost-startStop-1] org.apache.catalina.startup.HostConfig.deployWAR Deploying web application archive [/home/al3ncar/www/DevOps/apache-tomcat-8.5.50/webapps/tasks-backend.war]
09-Dec-2022 14:59:38.860 INFORMAÇÕES [localhost-startStop-1] org.apache.jasper.servlet.TldScanner.scanJars At least one JAR was scanned for TLDs yet contained no TLDs. Enable debug logging for this logger for a complete list of JARs that were scanned but no TLDs were found in them. Skipping unneeded JARs during scanning can improve startup time and JSP compilation time.
09-Dec-2022 14:59:38.884 INFORMAÇÕES [localhost-startStop-1] org.apache.catalina.startup.HostConfig.deployWAR Deployment of web application archive [/home/al3ncar/www/DevOps/apache-tomcat-8.5.50/webapps/tasks-backend.war] has finished in [4,798] ms
09-Dec-2022 14:59:38.884 INFORMAÇÕES [localhost-startStop-1] org.apache.catalina.startup.HostConfig.deployWAR Deploying web application archive [/home/al3ncar/www/DevOps/apache-tomcat-8.5.50/webapps/tasks.war]
09-Dec-2022 14:59:39.265 INFORMAÇÕES [main] org.apache.catalina.core.StandardServer.await A valid shutdown command was received via the shutdown port. Stopping the Server instance.
09-Dec-2022 14:59:39.265 INFORMAÇÕES [main] org.apache.coyote.AbstractProtocol.pause Pausing ProtocolHandler ["http-nio-8001"]
09-Dec-2022 14:59:39.271 INFORMAÇÕES [main] org.apache.coyote.AbstractProtocol.pause Pausing ProtocolHandler ["ajp-nio-8009"]
09-Dec-2022 14:59:39.277 INFORMAÇÕES [main] org.apache.catalina.core.StandardService.stopInternal Stopping service [Catalina]
09-Dec-2022 14:59:39.312 ADVERTÊNCIA [localhost-startStop-2] org.apache.catalina.loader.WebappClassLoaderBase.clearReferencesJdbc The web application [tasks-backend] registered the JDBC driver [org.postgresql.Driver] but failed to unregister it when the web application was stopped. To prevent a memory leak, the JDBC Driver has been forcibly unregistered.
09-Dec-2022 14:59:39.354 INFORMAÇÕES [main] org.apache.coyote.AbstractProtocol.stop Stopping ProtocolHandler ["http-nio-8001"]
09-Dec-2022 14:59:39.357 INFORMAÇÕES [main] org.apache.coyote.AbstractProtocol.stop Stopping ProtocolHandler ["ajp-nio-8009"]
09-Dec-2022 14:59:39.360 INFORMAÇÕES [main] org.apache.coyote.AbstractProtocol.destroy Destroying ProtocolHandler ["http-nio-8001"]
09-Dec-2022 14:59:39.361 INFORMAÇÕES [main] org.apache.coyote.AbstractProtocol.destroy Destroying ProtocolHandler ["ajp-nio-8009"]
09-Dec-2022 14:59:41.114 INFORMAÇÕES [localhost-startStop-1] org.apache.jasper.servlet.TldScanner.scanJars At least one JAR was scanned for TLDs yet contained no TLDs. Enable debug logging for this logger for a complete list of JARs that were scanned but no TLDs were found in them. Skipping unneeded JARs during scanning can improve startup time and JSP compilation time.
09-Dec-2022 14:59:41.117 INFORMAÇÕES [localhost-startStop-1] org.apache.catalina.startup.HostConfig.deployWAR Deployment of web application archive [/home/al3ncar/www/DevOps/apache-tomcat-8.5.50/webapps/tasks.war] has finished in [2,233] ms
09-Dec-2022 14:59:41.118 INFORMAÇÕES [localhost-startStop-1] org.apache.catalina.startup.HostConfig.deployDirectory Deploying web application directory [/home/al3ncar/www/DevOps/apache-tomcat-8.5.50/webapps/ROOT]
09-Dec-2022 14:59:41.124 INFORMAÇÕES [localhost-startStop-1] org.apache.catalina.startup.HostConfig.deployDirectory Deployment of web application directory [/home/al3ncar/www/DevOps/apache-tomcat-8.5.50/webapps/ROOT] has finished in [6] ms
09-Dec-2022 14:59:41.124 INFORMAÇÕES [localhost-startStop-1] org.apache.catalina.startup.HostConfig.deployDirectory Deploying web application directory [/home/al3ncar/www/DevOps/apache-tomcat-8.5.50/webapps/host-manager]
09-Dec-2022 14:59:41.138 INFORMAÇÕES [localhost-startStop-1] org.apache.catalina.startup.HostConfig.deployDirectory Deployment of web application directory [/home/al3ncar/www/DevOps/apache-tomcat-8.5.50/webapps/host-manager] has finished in [14] ms
09-Dec-2022 14:59:41.138 INFORMAÇÕES [localhost-startStop-1] org.apache.catalina.startup.HostConfig.deployDirectory Deploying web application directory [/home/al3ncar/www/DevOps/apache-tomcat-8.5.50/webapps/examples]
09-Dec-2022 14:59:41.210 INFORMAÇÕES [localhost-startStop-1] org.apache.catalina.startup.HostConfig.deployDirectory Deployment of web application directory [/home/al3ncar/www/DevOps/apache-tomcat-8.5.50/webapps/examples] has finished in [72] ms
09-Dec-2022 14:59:41.210 INFORMAÇÕES [localhost-startStop-1] org.apache.catalina.startup.HostConfig.deployDirectory Deploying web application directory [/home/al3ncar/www/DevOps/apache-tomcat-8.5.50/webapps/docs]
09-Dec-2022 14:59:41.216 INFORMAÇÕES [localhost-startStop-1] org.apache.catalina.startup.HostConfig.deployDirectory Deployment of web application directory [/home/al3ncar/www/DevOps/apache-tomcat-8.5.50/webapps/docs] has finished in [6] ms
09-Dec-2022 14:59:41.216 INFORMAÇÕES [localhost-startStop-1] org.apache.catalina.startup.HostConfig.deployDirectory Deploying web application directory [/home/al3ncar/www/DevOps/apache-tomcat-8.5.50/webapps/manager]
09-Dec-2022 14:59:41.224 INFORMAÇÕES [localhost-startStop-1] org.apache.catalina.startup.HostConfig.deployDirectory Deployment of web application directory [/home/al3ncar/www/DevOps/apache-tomcat-8.5.50/webapps/manager] has finished in [8] ms
09-Dec-2022 14:59:41.228 INFORMAÇÕES [main] org.apache.catalina.startup.Catalina.start Server startup in 7173 ms
09-Dec-2022 14:59:41.693 INFORMAÇÕES [main] org.apache.catalina.core.StandardServer.await A valid shutdown command was received via the shutdown port. Stopping the Server instance.
09-Dec-2022 14:59:41.693 INFORMAÇÕES [main] org.apache.coyote.AbstractProtocol.pause Pausing ProtocolHandler ["http-nio-8001"]
09-Dec-2022 14:59:41.694 INFORMAÇÕES [main] org.apache.coyote.AbstractProtocol.pause Pausing ProtocolHandler ["ajp-nio-8009"]
09-Dec-2022 14:59:41.694 INFORMAÇÕES [main] org.apache.catalina.core.StandardService.stopInternal Stopping service [Catalina]
09-Dec-2022 14:59:41.712 ADVERTÊNCIA [localhost-startStop-1] org.apache.catalina.loader.WebappClassLoaderBase.clearReferencesJdbc The web application [tasks-backend] registered the JDBC driver [org.postgresql.Driver] but failed to unregister it when the web application was stopped. To prevent a memory leak, the JDBC Driver has been forcibly unregistered.
09-Dec-2022 14:59:41.728 INFORMAÇÕES [main] org.apache.coyote.AbstractProtocol.stop Stopping ProtocolHandler ["http-nio-8001"]
09-Dec-2022 14:59:41.728 INFORMAÇÕES [main] org.apache.coyote.AbstractProtocol.destroy Destroying ProtocolHandler ["http-nio-8001"]
09-Dec-2022 14:59:41.728 INFORMAÇÕES [main] org.apache.coyote.AbstractProtocol.stop Stopping ProtocolHandler ["ajp-nio-8009"]
09-Dec-2022 14:59:41.728 INFORMAÇÕES [main] org.apache.coyote.AbstractProtocol.destroy Destroying ProtocolHandler ["ajp-nio-8009"]
09-Dec-2022 15:00:00.763 INFORMAÇÕES [main] org.apache.catalina.startup.VersionLoggerListener.log Server version name:   Apache Tomcat/8.5.50
09-Dec-2022 15:00:00.764 INFORMAÇÕES [main] org.apache.catalina.startup.VersionLoggerListener.log Server built:          Dec 7 2019 19:19:46 UTC
09-Dec-2022 15:00:00.765 INFORMAÇÕES [main] org.apache.catalina.startup.VersionLoggerListener.log Server version number: 8.5.50.0
09-Dec-2022 15:00:00.765 INFORMAÇÕES [main] org.apache.catalina.startup.VersionLoggerListener.log OS Name:               Linux
09-Dec-2022 15:00:00.765 INFORMAÇÕES [main] org.apache.catalina.startup.VersionLoggerListener.log OS Version:            5.15.0-56-generic
09-Dec-2022 15:00:00.765 INFORMAÇÕES [main] org.apache.catalina.startup.VersionLoggerListener.log Architecture:          amd64
09-Dec-2022 15:00:00.765 INFORMAÇÕES [main] org.apache.catalina.startup.VersionLoggerListener.log Java Home:             /usr/lib/jdk/jdk-1.8/jre
09-Dec-2022 15:00:00.765 INFORMAÇÕES [main] org.apache.catalina.startup.VersionLoggerListener.log JVM Version:           1.8.0_352-352-b08
09-Dec-2022 15:00:00.765 INFORMAÇÕES [main] org.apache.catalina.startup.VersionLoggerListener.log JVM Vendor:            OpenLogic-OpenJDK
09-Dec-2022 15:00:00.765 INFORMAÇÕES [main] org.apache.catalina.startup.VersionLoggerListener.log CATALINA_BASE:         /home/al3ncar/www/DevOps/apache-tomcat-8.5.50
09-Dec-2022 15:00:00.765 INFORMAÇÕES [main] org.apache.catalina.startup.VersionLoggerListener.log CATALINA_HOME:         /home/al3ncar/www/DevOps/apache-tomcat-8.5.50
09-Dec-2022 15:00:00.765 INFORMAÇÕES [main] org.apache.catalina.startup.VersionLoggerListener.log Command line argument: -Djava.util.logging.config.file=/home/al3ncar/www/DevOps/apache-tomcat-8.5.50/conf/logging.properties
09-Dec-2022 15:00:00.765 INFORMAÇÕES [main] org.apache.catalina.startup.VersionLoggerListener.log Command line argument: -Djava.util.logging.manager=org.apache.juli.ClassLoaderLogManager
09-Dec-2022 15:00:00.765 INFORMAÇÕES [main] org.apache.catalina.startup.VersionLoggerListener.log Command line argument: -Djdk.tls.ephemeralDHKeySize=2048
09-Dec-2022 15:00:00.765 INFORMAÇÕES [main] org.apache.catalina.startup.VersionLoggerListener.log Command line argument: -Djava.protocol.handler.pkgs=org.apache.catalina.webresources
09-Dec-2022 15:00:00.765 INFORMAÇÕES [main] org.apache.catalina.startup.VersionLoggerListener.log Command line argument: -Dorg.apache.catalina.security.SecurityListener.UMASK=0027
09-Dec-2022 15:00:00.765 INFORMAÇÕES [main] org.apache.catalina.startup.VersionLoggerListener.log Command line argument: -Dignore.endorsed.dirs=
09-Dec-2022 15:00:00.765 INFORMAÇÕES [main] org.apache.catalina.startup.VersionLoggerListener.log Command line argument: -Dcatalina.base=/home/al3ncar/www/DevOps/apache-tomcat-8.5.50
09-Dec-2022 15:00:00.766 INFORMAÇÕES [main] org.apache.catalina.startup.VersionLoggerListener.log Command line argument: -Dcatalina.home=/home/al3ncar/www/DevOps/apache-tomcat-8.5.50
09-Dec-2022 15:00:00.766 INFORMAÇÕES [main] org.apache.catalina.startup.VersionLoggerListener.log Command line argument: -Djava.io.tmpdir=/home/al3ncar/www/DevOps/apache-tomcat-8.5.50/temp
09-Dec-2022 15:00:00.766 INFORMAÇÕES [main] org.apache.catalina.core.AprLifecycleListener.lifecycleEvent The APR based Apache Tomcat Native library which allows optimal performance in production environments was not found on the java.library.path: [/usr/java/packages/lib/amd64:/usr/lib64:/lib64:/lib:/usr/lib]
09-Dec-2022 15:00:00.812 INFORMAÇÕES [main] org.apache.coyote.AbstractProtocol.init Initializing ProtocolHandler ["http-nio-8001"]
09-Dec-2022 15:00:00.818 INFORMAÇÕES [main] org.apache.tomcat.util.net.NioSelectorPool.getSharedSelector Using a shared selector for servlet write/read
09-Dec-2022 15:00:00.824 INFORMAÇÕES [main] org.apache.coyote.AbstractProtocol.init Initializing ProtocolHandler ["ajp-nio-8009"]
09-Dec-2022 15:00:00.825 INFORMAÇÕES [main] org.apache.tomcat.util.net.NioSelectorPool.getSharedSelector Using a shared selector for servlet write/read
09-Dec-2022 15:00:00.825 INFORMAÇÕES [main] org.apache.catalina.startup.Catalina.load Initialization processed in 373 ms
09-Dec-2022 15:00:00.845 INFORMAÇÕES [main] org.apache.catalina.core.StandardService.startInternal Starting service [Catalina]
09-Dec-2022 15:00:00.845 INFORMAÇÕES [main] org.apache.catalina.core.StandardEngine.startInternal Starting Servlet Engine: Apache Tomcat/8.5.50
09-Dec-2022 15:00:00.856 INFORMAÇÕES [localhost-startStop-1] org.apache.catalina.startup.HostConfig.deployWAR Deploying web application archive [/home/al3ncar/www/DevOps/apache-tomcat-8.5.50/webapps/tasks-backend.war]
09-Dec-2022 15:00:05.164 INFORMAÇÕES [localhost-startStop-1] org.apache.jasper.servlet.TldScanner.scanJars At least one JAR was scanned for TLDs yet contained no TLDs. Enable debug logging for this logger for a complete list of JARs that were scanned but no TLDs were found in them. Skipping unneeded JARs during scanning can improve startup time and JSP compilation time.
09-Dec-2022 15:00:05.188 INFORMAÇÕES [localhost-startStop-1] org.apache.catalina.startup.HostConfig.deployWAR Deployment of web application archive [/home/al3ncar/www/DevOps/apache-tomcat-8.5.50/webapps/tasks-backend.war] has finished in [4,331] ms
09-Dec-2022 15:00:05.188 INFORMAÇÕES [localhost-startStop-1] org.apache.catalina.startup.HostConfig.deployWAR Deploying web application archive [/home/al3ncar/www/DevOps/apache-tomcat-8.5.50/webapps/tasks.war]
09-Dec-2022 15:00:07.439 INFORMAÇÕES [localhost-startStop-1] org.apache.jasper.servlet.TldScanner.scanJars At least one JAR was scanned for TLDs yet contained no TLDs. Enable debug logging for this logger for a complete list of JARs that were scanned but no TLDs were found in them. Skipping unneeded JARs during scanning can improve startup time and JSP compilation time.
09-Dec-2022 15:00:07.442 INFORMAÇÕES [localhost-startStop-1] org.apache.catalina.startup.HostConfig.deployWAR Deployment of web application archive [/home/al3ncar/www/DevOps/apache-tomcat-8.5.50/webapps/tasks.war] has finished in [2,254] ms
09-Dec-2022 15:00:07.443 INFORMAÇÕES [localhost-startStop-1] org.apache.catalina.startup.HostConfig.deployDirectory Deploying web application directory [/home/al3ncar/www/DevOps/apache-tomcat-8.5.50/webapps/ROOT]
09-Dec-2022 15:00:07.451 INFORMAÇÕES [localhost-startStop-1] org.apache.catalina.startup.HostConfig.deployDirectory Deployment of web application directory [/home/al3ncar/www/DevOps/apache-tomcat-8.5.50/webapps/ROOT] has finished in [8] ms
09-Dec-2022 15:00:07.452 INFORMAÇÕES [localhost-startStop-1] org.apache.catalina.startup.HostConfig.deployDirectory Deploying web application directory [/home/al3ncar/www/DevOps/apache-tomcat-8.5.50/webapps/host-manager]
09-Dec-2022 15:00:07.467 INFORMAÇÕES [localhost-startStop-1] org.apache.catalina.startup.HostConfig.deployDirectory Deployment of web application directory [/home/al3ncar/www/DevOps/apache-tomcat-8.5.50/webapps/host-manager] has finished in [15] ms
09-Dec-2022 15:00:07.467 INFORMAÇÕES [localhost-startStop-1] org.apache.catalina.startup.HostConfig.deployDirectory Deploying web application directory [/home/al3ncar/www/DevOps/apache-tomcat-8.5.50/webapps/examples]
09-Dec-2022 15:00:07.558 INFORMAÇÕES [localhost-startStop-1] org.apache.catalina.startup.HostConfig.deployDirectory Deployment of web application directory [/home/al3ncar/www/DevOps/apache-tomcat-8.5.50/webapps/examples] has finished in [91] ms
09-Dec-2022 15:00:07.559 INFORMAÇÕES [localhost-startStop-1] org.apache.catalina.startup.HostConfig.deployDirectory Deploying web application directory [/home/al3ncar/www/DevOps/apache-tomcat-8.5.50/webapps/docs]
09-Dec-2022 15:00:07.567 INFORMAÇÕES [localhost-startStop-1] org.apache.catalina.startup.HostConfig.deployDirectory Deployment of web application directory [/home/al3ncar/www/DevOps/apache-tomcat-8.5.50/webapps/docs] has finished in [8] ms
09-Dec-2022 15:00:07.567 INFORMAÇÕES [localhost-startStop-1] org.apache.catalina.startup.HostConfig.deployDirectory Deploying web application directory [/home/al3ncar/www/DevOps/apache-tomcat-8.5.50/webapps/manager]
09-Dec-2022 15:00:07.576 INFORMAÇÕES [localhost-startStop-1] org.apache.catalina.startup.HostConfig.deployDirectory Deployment of web application directory [/home/al3ncar/www/DevOps/apache-tomcat-8.5.50/webapps/manager] has finished in [9] ms
09-Dec-2022 15:00:07.579 INFORMAÇÕES [main] org.apache.coyote.AbstractProtocol.start Starting ProtocolHandler ["http-nio-8001"]
09-Dec-2022 15:00:07.584 INFORMAÇÕES [main] org.apache.coyote.AbstractProtocol.start Starting ProtocolHandler ["ajp-nio-8009"]
09-Dec-2022 15:00:07.586 INFORMAÇÕES [main] org.apache.catalina.startup.Catalina.start Server startup in 6760 ms
09-Dec-2022 15:32:36.571 INFORMAÇÕES [main] org.apache.catalina.core.StandardServer.await A valid shutdown command was received via the shutdown port. Stopping the Server instance.
09-Dec-2022 15:32:36.571 INFORMAÇÕES [main] org.apache.coyote.AbstractProtocol.pause Pausing ProtocolHandler ["http-nio-8001"]
09-Dec-2022 15:32:36.578 INFORMAÇÕES [main] org.apache.coyote.AbstractProtocol.pause Pausing ProtocolHandler ["ajp-nio-8009"]
09-Dec-2022 15:32:36.584 INFORMAÇÕES [main] org.apache.catalina.core.StandardService.stopInternal Stopping service [Catalina]
09-Dec-2022 15:32:36.667 ADVERTÊNCIA [localhost-startStop-2] org.apache.catalina.loader.WebappClassLoaderBase.clearReferencesJdbc The web application [tasks-backend] registered the JDBC driver [org.postgresql.Driver] but failed to unregister it when the web application was stopped. To prevent a memory leak, the JDBC Driver has been forcibly unregistered.
09-Dec-2022 15:32:36.796 INFORMAÇÕES [main] org.apache.coyote.AbstractProtocol.stop Stopping ProtocolHandler ["http-nio-8001"]
09-Dec-2022 15:32:36.803 INFORMAÇÕES [main] org.apache.coyote.AbstractProtocol.stop Stopping ProtocolHandler ["ajp-nio-8009"]
09-Dec-2022 15:32:36.812 INFORMAÇÕES [main] org.apache.coyote.AbstractProtocol.destroy Destroying ProtocolHandler ["http-nio-8001"]
09-Dec-2022 15:32:36.815 INFORMAÇÕES [main] org.apache.coyote.AbstractProtocol.destroy Destroying ProtocolHandler ["ajp-nio-8009"]
09-Dec-2022 22:43:29.317 INFORMAÇÕES [main] org.apache.catalina.startup.VersionLoggerListener.log Server version name:   Apache Tomcat/8.5.50
09-Dec-2022 22:43:29.319 INFORMAÇÕES [main] org.apache.catalina.startup.VersionLoggerListener.log Server built:          Dec 7 2019 19:19:46 UTC
09-Dec-2022 22:43:29.319 INFORMAÇÕES [main] org.apache.catalina.startup.VersionLoggerListener.log Server version number: 8.5.50.0
09-Dec-2022 22:43:29.320 INFORMAÇÕES [main] org.apache.catalina.startup.VersionLoggerListener.log OS Name:               Linux
09-Dec-2022 22:43:29.320 INFORMAÇÕES [main] org.apache.catalina.startup.VersionLoggerListener.log OS Version:            5.15.0-56-generic
09-Dec-2022 22:43:29.320 INFORMAÇÕES [main] org.apache.catalina.startup.VersionLoggerListener.log Architecture:          amd64
09-Dec-2022 22:43:29.320 INFORMAÇÕES [main] org.apache.catalina.startup.VersionLoggerListener.log Java Home:             /usr/lib/jdk/jdk-1.8/jre
09-Dec-2022 22:43:29.320 INFORMAÇÕES [main] org.apache.catalina.startup.VersionLoggerListener.log JVM Version:           1.8.0_352-352-b08
09-Dec-2022 22:43:29.320 INFORMAÇÕES [main] org.apache.catalina.startup.VersionLoggerListener.log JVM Vendor:            OpenLogic-OpenJDK
09-Dec-2022 22:43:29.320 INFORMAÇÕES [main] org.apache.catalina.startup.VersionLoggerListener.log CATALINA_BASE:         /home/al3ncar/www/DevOps/apache-tomcat-8.5.50
09-Dec-2022 22:43:29.320 INFORMAÇÕES [main] org.apache.catalina.startup.VersionLoggerListener.log CATALINA_HOME:         /home/al3ncar/www/DevOps/apache-tomcat-8.5.50
09-Dec-2022 22:43:29.320 INFORMAÇÕES [main] org.apache.catalina.startup.VersionLoggerListener.log Command line argument: -Djava.util.logging.config.file=/home/al3ncar/www/DevOps/apache-tomcat-8.5.50/conf/logging.properties
09-Dec-2022 22:43:29.320 INFORMAÇÕES [main] org.apache.catalina.startup.VersionLoggerListener.log Command line argument: -Djava.util.logging.manager=org.apache.juli.ClassLoaderLogManager
09-Dec-2022 22:43:29.320 INFORMAÇÕES [main] org.apache.catalina.startup.VersionLoggerListener.log Command line argument: -Djdk.tls.ephemeralDHKeySize=2048
09-Dec-2022 22:43:29.321 INFORMAÇÕES [main] org.apache.catalina.startup.VersionLoggerListener.log Command line argument: -Djava.protocol.handler.pkgs=org.apache.catalina.webresources
09-Dec-2022 22:43:29.321 INFORMAÇÕES [main] org.apache.catalina.startup.VersionLoggerListener.log Command line argument: -Dorg.apache.catalina.security.SecurityListener.UMASK=0027
09-Dec-2022 22:43:29.321 INFORMAÇÕES [main] org.apache.catalina.startup.VersionLoggerListener.log Command line argument: -Dignore.endorsed.dirs=
09-Dec-2022 22:43:29.321 INFORMAÇÕES [main] org.apache.catalina.startup.VersionLoggerListener.log Command line argument: -Dcatalina.base=/home/al3ncar/www/DevOps/apache-tomcat-8.5.50
09-Dec-2022 22:43:29.321 INFORMAÇÕES [main] org.apache.catalina.startup.VersionLoggerListener.log Command line argument: -Dcatalina.home=/home/al3ncar/www/DevOps/apache-tomcat-8.5.50
09-Dec-2022 22:43:29.321 INFORMAÇÕES [main] org.apache.catalina.startup.VersionLoggerListener.log Command line argument: -Djava.io.tmpdir=/home/al3ncar/www/DevOps/apache-tomcat-8.5.50/temp
09-Dec-2022 22:43:29.321 INFORMAÇÕES [main] org.apache.catalina.core.AprLifecycleListener.lifecycleEvent The APR based Apache Tomcat Native library which allows optimal performance in production environments was not found on the java.library.path: [/usr/java/packages/lib/amd64:/usr/lib64:/lib64:/lib:/usr/lib]
09-Dec-2022 22:43:29.387 INFORMAÇÕES [main] org.apache.coyote.AbstractProtocol.init Initializing ProtocolHandler ["http-nio-8001"]
09-Dec-2022 22:43:29.394 INFORMAÇÕES [main] org.apache.tomcat.util.net.NioSelectorPool.getSharedSelector Using a shared selector for servlet write/read
09-Dec-2022 22:43:29.404 INFORMAÇÕES [main] org.apache.coyote.AbstractProtocol.init Initializing ProtocolHandler ["ajp-nio-8009"]
09-Dec-2022 22:43:29.405 INFORMAÇÕES [main] org.apache.tomcat.util.net.NioSelectorPool.getSharedSelector Using a shared selector for servlet write/read
09-Dec-2022 22:43:29.406 INFORMAÇÕES [main] org.apache.catalina.startup.Catalina.load Initialization processed in 426 ms
09-Dec-2022 22:43:29.435 INFORMAÇÕES [main] org.apache.catalina.core.StandardService.startInternal Starting service [Catalina]
09-Dec-2022 22:43:29.435 INFORMAÇÕES [main] org.apache.catalina.core.StandardEngine.startInternal Starting Servlet Engine: Apache Tomcat/8.5.50
09-Dec-2022 22:43:29.458 INFORMAÇÕES [localhost-startStop-1] org.apache.catalina.startup.HostConfig.deployWAR Deploying web application archive [/home/al3ncar/www/DevOps/apache-tomcat-8.5.50/webapps/tasks-backend.war]
09-Dec-2022 22:43:34.452 INFORMAÇÕES [localhost-startStop-1] org.apache.jasper.servlet.TldScanner.scanJars At least one JAR was scanned for TLDs yet contained no TLDs. Enable debug logging for this logger for a complete list of JARs that were scanned but no TLDs were found in them. Skipping unneeded JARs during scanning can improve startup time and JSP compilation time.
09-Dec-2022 22:43:34.478 INFORMAÇÕES [localhost-startStop-1] org.apache.catalina.startup.HostConfig.deployWAR Deployment of web application archive [/home/al3ncar/www/DevOps/apache-tomcat-8.5.50/webapps/tasks-backend.war] has finished in [5,019] ms
09-Dec-2022 22:43:34.479 INFORMAÇÕES [localhost-startStop-1] org.apache.catalina.startup.HostConfig.deployWAR Deploying web application archive [/home/al3ncar/www/DevOps/apache-tomcat-8.5.50/webapps/tasks.war]
09-Dec-2022 22:43:36.476 INFORMAÇÕES [localhost-startStop-1] org.apache.jasper.servlet.TldScanner.scanJars At least one JAR was scanned for TLDs yet contained no TLDs. Enable debug logging for this logger for a complete list of JARs that were scanned but no TLDs were found in them. Skipping unneeded JARs during scanning can improve startup time and JSP compilation time.
09-Dec-2022 22:43:36.480 INFORMAÇÕES [localhost-startStop-1] org.apache.catalina.startup.HostConfig.deployWAR Deployment of web application archive [/home/al3ncar/www/DevOps/apache-tomcat-8.5.50/webapps/tasks.war] has finished in [2,001] ms
09-Dec-2022 22:43:36.480 INFORMAÇÕES [localhost-startStop-1] org.apache.catalina.startup.HostConfig.deployDirectory Deploying web application directory [/home/al3ncar/www/DevOps/apache-tomcat-8.5.50/webapps/ROOT]
09-Dec-2022 22:43:36.497 INFORMAÇÕES [localhost-startStop-1] org.apache.catalina.startup.HostConfig.deployDirectory Deployment of web application directory [/home/al3ncar/www/DevOps/apache-tomcat-8.5.50/webapps/ROOT] has finished in [17] ms
09-Dec-2022 22:43:36.497 INFORMAÇÕES [localhost-startStop-1] org.apache.catalina.startup.HostConfig.deployDirectory Deploying web application directory [/home/al3ncar/www/DevOps/apache-tomcat-8.5.50/webapps/host-manager]
09-Dec-2022 22:43:36.511 INFORMAÇÕES [localhost-startStop-1] org.apache.catalina.startup.HostConfig.deployDirectory Deployment of web application directory [/home/al3ncar/www/DevOps/apache-tomcat-8.5.50/webapps/host-manager] has finished in [14] ms
09-Dec-2022 22:43:36.511 INFORMAÇÕES [localhost-startStop-1] org.apache.catalina.startup.HostConfig.deployDirectory Deploying web application directory [/home/al3ncar/www/DevOps/apache-tomcat-8.5.50/webapps/examples]
09-Dec-2022 22:43:36.599 INFORMAÇÕES [localhost-startStop-1] org.apache.catalina.startup.HostConfig.deployDirectory Deployment of web application directory [/home/al3ncar/www/DevOps/apache-tomcat-8.5.50/webapps/examples] has finished in [88] ms
09-Dec-2022 22:43:36.599 INFORMAÇÕES [localhost-startStop-1] org.apache.catalina.startup.HostConfig.deployDirectory Deploying web application directory [/home/al3ncar/www/DevOps/apache-tomcat-8.5.50/webapps/docs]
09-Dec-2022 22:43:36.605 INFORMAÇÕES [localhost-startStop-1] org.apache.catalina.startup.HostConfig.deployDirectory Deployment of web application directory [/home/al3ncar/www/DevOps/apache-tomcat-8.5.50/webapps/docs] has finished in [6] ms
09-Dec-2022 22:43:36.605 INFORMAÇÕES [localhost-startStop-1] org.apache.catalina.startup.HostConfig.deployDirectory Deploying web application directory [/home/al3ncar/www/DevOps/apache-tomcat-8.5.50/webapps/manager]
09-Dec-2022 22:43:36.613 INFORMAÇÕES [localhost-startStop-1] org.apache.catalina.startup.HostConfig.deployDirectory Deployment of web application directory [/home/al3ncar/www/DevOps/apache-tomcat-8.5.50/webapps/manager] has finished in [8] ms
09-Dec-2022 22:43:36.616 INFORMAÇÕES [main] org.apache.coyote.AbstractProtocol.start Starting ProtocolHandler ["http-nio-8001"]
09-Dec-2022 22:43:36.621 INFORMAÇÕES [main] org.apache.coyote.AbstractProtocol.start Starting ProtocolHandler ["ajp-nio-8009"]
09-Dec-2022 22:43:36.622 INFORMAÇÕES [main] org.apache.catalina.startup.Catalina.start Server startup in 7216 ms
09-Dec-2022 22:50:04.620 INFORMAÇÕES [main] org.apache.catalina.core.StandardServer.await A valid shutdown command was received via the shutdown port. Stopping the Server instance.
09-Dec-2022 22:50:04.621 INFORMAÇÕES [main] org.apache.coyote.AbstractProtocol.pause Pausing ProtocolHandler ["http-nio-8001"]
09-Dec-2022 22:50:04.628 INFORMAÇÕES [main] org.apache.coyote.AbstractProtocol.pause Pausing ProtocolHandler ["ajp-nio-8009"]
09-Dec-2022 22:50:04.634 INFORMAÇÕES [main] org.apache.catalina.core.StandardService.stopInternal Stopping service [Catalina]
09-Dec-2022 22:50:04.658 ADVERTÊNCIA [localhost-startStop-2] org.apache.catalina.loader.WebappClassLoaderBase.clearReferencesJdbc The web application [tasks-backend] registered the JDBC driver [org.postgresql.Driver] but failed to unregister it when the web application was stopped. To prevent a memory leak, the JDBC Driver has been forcibly unregistered.
09-Dec-2022 22:50:04.689 INFORMAÇÕES [main] org.apache.coyote.AbstractProtocol.stop Stopping ProtocolHandler ["http-nio-8001"]
09-Dec-2022 22:50:04.690 INFORMAÇÕES [main] org.apache.coyote.AbstractProtocol.stop Stopping ProtocolHandler ["ajp-nio-8009"]
09-Dec-2022 22:50:04.691 INFORMAÇÕES [main] org.apache.coyote.AbstractProtocol.destroy Destroying ProtocolHandler ["http-nio-8001"]
09-Dec-2022 22:50:04.692 INFORMAÇÕES [main] org.apache.coyote.AbstractProtocol.destroy Destroying ProtocolHandler ["ajp-nio-8009"]
09-Dec-2022 23:47:36.994 INFORMAÇÕES [main] org.apache.catalina.startup.VersionLoggerListener.log Server version name:   Apache Tomcat/8.5.50
09-Dec-2022 23:47:37.001 INFORMAÇÕES [main] org.apache.catalina.startup.VersionLoggerListener.log Server built:          Dec 7 2019 19:19:46 UTC
09-Dec-2022 23:47:37.001 INFORMAÇÕES [main] org.apache.catalina.startup.VersionLoggerListener.log Server version number: 8.5.50.0
09-Dec-2022 23:47:37.001 INFORMAÇÕES [main] org.apache.catalina.startup.VersionLoggerListener.log OS Name:               Linux
09-Dec-2022 23:47:37.002 INFORMAÇÕES [main] org.apache.catalina.startup.VersionLoggerListener.log OS Version:            5.15.0-56-generic
09-Dec-2022 23:47:37.002 INFORMAÇÕES [main] org.apache.catalina.startup.VersionLoggerListener.log Architecture:          amd64
09-Dec-2022 23:47:37.002 INFORMAÇÕES [main] org.apache.catalina.startup.VersionLoggerListener.log Java Home:             /usr/lib/jdk/jdk-1.8/jre
09-Dec-2022 23:47:37.004 INFORMAÇÕES [main] org.apache.catalina.startup.VersionLoggerListener.log JVM Version:           1.8.0_352-352-b08
09-Dec-2022 23:47:37.004 INFORMAÇÕES [main] org.apache.catalina.startup.VersionLoggerListener.log JVM Vendor:            OpenLogic-OpenJDK
09-Dec-2022 23:47:37.005 INFORMAÇÕES [main] org.apache.catalina.startup.VersionLoggerListener.log CATALINA_BASE:         /home/al3ncar/www/DevOps/apache-tomcat-8.5.50
09-Dec-2022 23:47:37.005 INFORMAÇÕES [main] org.apache.catalina.startup.VersionLoggerListener.log CATALINA_HOME:         /home/al3ncar/www/DevOps/apache-tomcat-8.5.50
09-Dec-2022 23:47:37.005 INFORMAÇÕES [main] org.apache.catalina.startup.VersionLoggerListener.log Command line argument: -Djava.util.logging.config.file=/home/al3ncar/www/DevOps/apache-tomcat-8.5.50/conf/logging.properties
09-Dec-2022 23:47:37.006 INFORMAÇÕES [main] org.apache.catalina.startup.VersionLoggerListener.log Command line argument: -Djava.util.logging.manager=org.apache.juli.ClassLoaderLogManager
09-Dec-2022 23:47:37.007 INFORMAÇÕES [main] org.apache.catalina.startup.VersionLoggerListener.log Command line argument: -Djdk.tls.ephemeralDHKeySize=2048
09-Dec-2022 23:47:37.008 INFORMAÇÕES [main] org.apache.catalina.startup.VersionLoggerListener.log Command line argument: -Djava.protocol.handler.pkgs=org.apache.catalina.webresources
09-Dec-2022 23:47:37.013 INFORMAÇÕES [main] org.apache.catalina.startup.VersionLoggerListener.log Command line argument: -Dorg.apache.catalina.security.SecurityListener.UMASK=0027
09-Dec-2022 23:47:37.014 INFORMAÇÕES [main] org.apache.catalina.startup.VersionLoggerListener.log Command line argument: -Dignore.endorsed.dirs=
09-Dec-2022 23:47:37.015 INFORMAÇÕES [main] org.apache.catalina.startup.VersionLoggerListener.log Command line argument: -Dcatalina.base=/home/al3ncar/www/DevOps/apache-tomcat-8.5.50
09-Dec-2022 23:47:37.015 INFORMAÇÕES [main] org.apache.catalina.startup.VersionLoggerListener.log Command line argument: -Dcatalina.home=/home/al3ncar/www/DevOps/apache-tomcat-8.5.50
09-Dec-2022 23:47:37.015 INFORMAÇÕES [main] org.apache.catalina.startup.VersionLoggerListener.log Command line argument: -Djava.io.tmpdir=/home/al3ncar/www/DevOps/apache-tomcat-8.5.50/temp
09-Dec-2022 23:47:37.016 INFORMAÇÕES [main] org.apache.catalina.core.AprLifecycleListener.lifecycleEvent The APR based Apache Tomcat Native library which allows optimal performance in production environments was not found on the java.library.path: [/usr/java/packages/lib/amd64:/usr/lib64:/lib64:/lib:/usr/lib]
09-Dec-2022 23:47:37.248 INFORMAÇÕES [main] org.apache.coyote.AbstractProtocol.init Initializing ProtocolHandler ["http-nio-8001"]
09-Dec-2022 23:47:37.290 INFORMAÇÕES [main] org.apache.tomcat.util.net.NioSelectorPool.getSharedSelector Using a shared selector for servlet write/read
09-Dec-2022 23:47:37.350 INFORMAÇÕES [main] org.apache.coyote.AbstractProtocol.init Initializing ProtocolHandler ["ajp-nio-8009"]
09-Dec-2022 23:47:37.356 INFORMAÇÕES [main] org.apache.tomcat.util.net.NioSelectorPool.getSharedSelector Using a shared selector for servlet write/read
09-Dec-2022 23:47:37.371 INFORMAÇÕES [main] org.apache.catalina.startup.Catalina.load Initialization processed in 1762 ms
09-Dec-2022 23:47:37.467 INFORMAÇÕES [main] org.apache.catalina.core.StandardService.startInternal Starting service [Catalina]
09-Dec-2022 23:47:37.489 INFORMAÇÕES [main] org.apache.catalina.core.StandardEngine.startInternal Starting Servlet Engine: Apache Tomcat/8.5.50
09-Dec-2022 23:47:37.571 INFORMAÇÕES [localhost-startStop-1] org.apache.catalina.startup.HostConfig.deployWAR Deploying web application archive [/home/al3ncar/www/DevOps/apache-tomcat-8.5.50/webapps/tasks-backend.war]
09-Dec-2022 23:47:46.100 INFORMAÇÕES [localhost-startStop-1] org.apache.jasper.servlet.TldScanner.scanJars At least one JAR was scanned for TLDs yet contained no TLDs. Enable debug logging for this logger for a complete list of JARs that were scanned but no TLDs were found in them. Skipping unneeded JARs during scanning can improve startup time and JSP compilation time.
09-Dec-2022 23:47:46.184 INFORMAÇÕES [localhost-startStop-1] org.apache.catalina.startup.HostConfig.deployWAR Deployment of web application archive [/home/al3ncar/www/DevOps/apache-tomcat-8.5.50/webapps/tasks-backend.war] has finished in [8,613] ms
09-Dec-2022 23:47:46.185 INFORMAÇÕES [localhost-startStop-1] org.apache.catalina.startup.HostConfig.deployWAR Deploying web application archive [/home/al3ncar/www/DevOps/apache-tomcat-8.5.50/webapps/tasks.war]
09-Dec-2022 23:47:49.447 INFORMAÇÕES [localhost-startStop-1] org.apache.jasper.servlet.TldScanner.scanJars At least one JAR was scanned for TLDs yet contained no TLDs. Enable debug logging for this logger for a complete list of JARs that were scanned but no TLDs were found in them. Skipping unneeded JARs during scanning can improve startup time and JSP compilation time.
09-Dec-2022 23:47:49.451 INFORMAÇÕES [localhost-startStop-1] org.apache.catalina.startup.HostConfig.deployWAR Deployment of web application archive [/home/al3ncar/www/DevOps/apache-tomcat-8.5.50/webapps/tasks.war] has finished in [3,266] ms
09-Dec-2022 23:47:49.452 INFORMAÇÕES [localhost-startStop-1] org.apache.catalina.startup.HostConfig.deployDirectory Deploying web application directory [/home/al3ncar/www/DevOps/apache-tomcat-8.5.50/webapps/ROOT]
09-Dec-2022 23:47:49.459 INFORMAÇÕES [localhost-startStop-1] org.apache.catalina.startup.HostConfig.deployDirectory Deployment of web application directory [/home/al3ncar/www/DevOps/apache-tomcat-8.5.50/webapps/ROOT] has finished in [7] ms
09-Dec-2022 23:47:49.459 INFORMAÇÕES [localhost-startStop-1] org.apache.catalina.startup.HostConfig.deployDirectory Deploying web application directory [/home/al3ncar/www/DevOps/apache-tomcat-8.5.50/webapps/host-manager]
09-Dec-2022 23:47:49.474 INFORMAÇÕES [localhost-startStop-1] org.apache.catalina.startup.HostConfig.deployDirectory Deployment of web application directory [/home/al3ncar/www/DevOps/apache-tomcat-8.5.50/webapps/host-manager] has finished in [15] ms
09-Dec-2022 23:47:49.474 INFORMAÇÕES [localhost-startStop-1] org.apache.catalina.startup.HostConfig.deployDirectory Deploying web application directory [/home/al3ncar/www/DevOps/apache-tomcat-8.5.50/webapps/examples]
09-Dec-2022 23:47:49.559 INFORMAÇÕES [localhost-startStop-1] org.apache.catalina.startup.HostConfig.deployDirectory Deployment of web application directory [/home/al3ncar/www/DevOps/apache-tomcat-8.5.50/webapps/examples] has finished in [85] ms
09-Dec-2022 23:47:49.559 INFORMAÇÕES [localhost-startStop-1] org.apache.catalina.startup.HostConfig.deployDirectory Deploying web application directory [/home/al3ncar/www/DevOps/apache-tomcat-8.5.50/webapps/docs]
09-Dec-2022 23:47:49.566 INFORMAÇÕES [localhost-startStop-1] org.apache.catalina.startup.HostConfig.deployDirectory Deployment of web application directory [/home/al3ncar/www/DevOps/apache-tomcat-8.5.50/webapps/docs] has finished in [7] ms
09-Dec-2022 23:47:49.566 INFORMAÇÕES [localhost-startStop-1] org.apache.catalina.startup.HostConfig.deployDirectory Deploying web application directory [/home/al3ncar/www/DevOps/apache-tomcat-8.5.50/webapps/manager]
09-Dec-2022 23:47:49.574 INFORMAÇÕES [localhost-startStop-1] org.apache.catalina.startup.HostConfig.deployDirectory Deployment of web application directory [/home/al3ncar/www/DevOps/apache-tomcat-8.5.50/webapps/manager] has finished in [8] ms
09-Dec-2022 23:47:49.577 INFORMAÇÕES [main] org.apache.coyote.AbstractProtocol.start Starting ProtocolHandler ["http-nio-8001"]
09-Dec-2022 23:47:49.584 INFORMAÇÕES [main] org.apache.coyote.AbstractProtocol.start Starting ProtocolHandler ["ajp-nio-8009"]
09-Dec-2022 23:47:49.585 INFORMAÇÕES [main] org.apache.catalina.startup.Catalina.start Server startup in 12213 ms
