12-Dec-2022 10:52:44.354 INFORMAÇÕES [main] org.apache.catalina.startup.VersionLoggerListener.log Server version name:   Apache Tomcat/8.5.50
12-Dec-2022 10:52:44.355 INFORMAÇÕES [main] org.apache.catalina.startup.VersionLoggerListener.log Server built:          Dec 7 2019 19:19:46 UTC
12-Dec-2022 10:52:44.355 INFORMAÇÕES [main] org.apache.catalina.startup.VersionLoggerListener.log Server version number: 8.5.50.0
12-Dec-2022 10:52:44.355 INFORMAÇÕES [main] org.apache.catalina.startup.VersionLoggerListener.log OS Name:               Linux
12-Dec-2022 10:52:44.355 INFORMAÇÕES [main] org.apache.catalina.startup.VersionLoggerListener.log OS Version:            5.15.0-56-generic
12-Dec-2022 10:52:44.356 INFORMAÇÕES [main] org.apache.catalina.startup.VersionLoggerListener.log Architecture:          amd64
12-Dec-2022 10:52:44.356 INFORMAÇÕES [main] org.apache.catalina.startup.VersionLoggerListener.log Java Home:             /usr/lib/jdk/jdk-1.8/jre
12-Dec-2022 10:52:44.356 INFORMAÇÕES [main] org.apache.catalina.startup.VersionLoggerListener.log JVM Version:           1.8.0_352-352-b08
12-Dec-2022 10:52:44.356 INFORMAÇÕES [main] org.apache.catalina.startup.VersionLoggerListener.log JVM Vendor:            OpenLogic-OpenJDK
12-Dec-2022 10:52:44.356 INFORMAÇÕES [main] org.apache.catalina.startup.VersionLoggerListener.log CATALINA_BASE:         /home/al3ncar/www/DevOps/apache-tomcat-8.5.50
12-Dec-2022 10:52:44.356 INFORMAÇÕES [main] org.apache.catalina.startup.VersionLoggerListener.log CATALINA_HOME:         /home/al3ncar/www/DevOps/apache-tomcat-8.5.50
12-Dec-2022 10:52:44.356 INFORMAÇÕES [main] org.apache.catalina.startup.VersionLoggerListener.log Command line argument: -Djava.util.logging.config.file=/home/al3ncar/www/DevOps/apache-tomcat-8.5.50/conf/logging.properties
12-Dec-2022 10:52:44.356 INFORMAÇÕES [main] org.apache.catalina.startup.VersionLoggerListener.log Command line argument: -Djava.util.logging.manager=org.apache.juli.ClassLoaderLogManager
12-Dec-2022 10:52:44.356 INFORMAÇÕES [main] org.apache.catalina.startup.VersionLoggerListener.log Command line argument: -Djdk.tls.ephemeralDHKeySize=2048
12-Dec-2022 10:52:44.356 INFORMAÇÕES [main] org.apache.catalina.startup.VersionLoggerListener.log Command line argument: -Djava.protocol.handler.pkgs=org.apache.catalina.webresources
12-Dec-2022 10:52:44.356 INFORMAÇÕES [main] org.apache.catalina.startup.VersionLoggerListener.log Command line argument: -Dorg.apache.catalina.security.SecurityListener.UMASK=0027
12-Dec-2022 10:52:44.357 INFORMAÇÕES [main] org.apache.catalina.startup.VersionLoggerListener.log Command line argument: -Dignore.endorsed.dirs=
12-Dec-2022 10:52:44.357 INFORMAÇÕES [main] org.apache.catalina.startup.VersionLoggerListener.log Command line argument: -Dcatalina.base=/home/al3ncar/www/DevOps/apache-tomcat-8.5.50
12-Dec-2022 10:52:44.357 INFORMAÇÕES [main] org.apache.catalina.startup.VersionLoggerListener.log Command line argument: -Dcatalina.home=/home/al3ncar/www/DevOps/apache-tomcat-8.5.50
12-Dec-2022 10:52:44.357 INFORMAÇÕES [main] org.apache.catalina.startup.VersionLoggerListener.log Command line argument: -Djava.io.tmpdir=/home/al3ncar/www/DevOps/apache-tomcat-8.5.50/temp
12-Dec-2022 10:52:44.357 INFORMAÇÕES [main] org.apache.catalina.core.AprLifecycleListener.lifecycleEvent The APR based Apache Tomcat Native library which allows optimal performance in production environments was not found on the java.library.path: [/usr/java/packages/lib/amd64:/usr/lib64:/lib64:/lib:/usr/lib]
12-Dec-2022 10:52:44.413 INFORMAÇÕES [main] org.apache.coyote.AbstractProtocol.init Initializing ProtocolHandler ["http-nio-8001"]
12-Dec-2022 10:52:44.419 INFORMAÇÕES [main] org.apache.tomcat.util.net.NioSelectorPool.getSharedSelector Using a shared selector for servlet write/read
12-Dec-2022 10:52:44.429 INFORMAÇÕES [main] org.apache.coyote.AbstractProtocol.init Initializing ProtocolHandler ["ajp-nio-8009"]
12-Dec-2022 10:52:44.430 INFORMAÇÕES [main] org.apache.tomcat.util.net.NioSelectorPool.getSharedSelector Using a shared selector for servlet write/read
12-Dec-2022 10:52:44.430 INFORMAÇÕES [main] org.apache.catalina.startup.Catalina.load Initialization processed in 315 ms
12-Dec-2022 10:52:44.454 INFORMAÇÕES [main] org.apache.catalina.core.StandardService.startInternal Starting service [Catalina]
12-Dec-2022 10:52:44.454 INFORMAÇÕES [main] org.apache.catalina.core.StandardEngine.startInternal Starting Servlet Engine: Apache Tomcat/8.5.50
12-Dec-2022 10:52:44.466 INFORMAÇÕES [localhost-startStop-1] org.apache.catalina.startup.HostConfig.deployWAR Deploying web application archive [/home/al3ncar/www/DevOps/apache-tomcat-8.5.50/webapps/tasks-backend.war]
12-Dec-2022 10:52:49.498 INFORMAÇÕES [localhost-startStop-1] org.apache.jasper.servlet.TldScanner.scanJars At least one JAR was scanned for TLDs yet contained no TLDs. Enable debug logging for this logger for a complete list of JARs that were scanned but no TLDs were found in them. Skipping unneeded JARs during scanning can improve startup time and JSP compilation time.
12-Dec-2022 10:52:49.524 INFORMAÇÕES [localhost-startStop-1] org.apache.catalina.startup.HostConfig.deployWAR Deployment of web application archive [/home/al3ncar/www/DevOps/apache-tomcat-8.5.50/webapps/tasks-backend.war] has finished in [5,057] ms
12-Dec-2022 10:52:49.524 INFORMAÇÕES [localhost-startStop-1] org.apache.catalina.startup.HostConfig.deployWAR Deploying web application archive [/home/al3ncar/www/DevOps/apache-tomcat-8.5.50/webapps/tasks.war]
12-Dec-2022 10:52:51.919 INFORMAÇÕES [localhost-startStop-1] org.apache.jasper.servlet.TldScanner.scanJars At least one JAR was scanned for TLDs yet contained no TLDs. Enable debug logging for this logger for a complete list of JARs that were scanned but no TLDs were found in them. Skipping unneeded JARs during scanning can improve startup time and JSP compilation time.
12-Dec-2022 10:52:51.923 INFORMAÇÕES [localhost-startStop-1] org.apache.catalina.startup.HostConfig.deployWAR Deployment of web application archive [/home/al3ncar/www/DevOps/apache-tomcat-8.5.50/webapps/tasks.war] has finished in [2,399] ms
12-Dec-2022 10:52:51.923 INFORMAÇÕES [localhost-startStop-1] org.apache.catalina.startup.HostConfig.deployDirectory Deploying web application directory [/home/al3ncar/www/DevOps/apache-tomcat-8.5.50/webapps/ROOT]
12-Dec-2022 10:52:51.930 INFORMAÇÕES [localhost-startStop-1] org.apache.catalina.startup.HostConfig.deployDirectory Deployment of web application directory [/home/al3ncar/www/DevOps/apache-tomcat-8.5.50/webapps/ROOT] has finished in [7] ms
12-Dec-2022 10:52:51.930 INFORMAÇÕES [localhost-startStop-1] org.apache.catalina.startup.HostConfig.deployDirectory Deploying web application directory [/home/al3ncar/www/DevOps/apache-tomcat-8.5.50/webapps/host-manager]
12-Dec-2022 10:52:51.945 INFORMAÇÕES [localhost-startStop-1] org.apache.catalina.startup.HostConfig.deployDirectory Deployment of web application directory [/home/al3ncar/www/DevOps/apache-tomcat-8.5.50/webapps/host-manager] has finished in [15] ms
12-Dec-2022 10:52:51.945 INFORMAÇÕES [localhost-startStop-1] org.apache.catalina.startup.HostConfig.deployDirectory Deploying web application directory [/home/al3ncar/www/DevOps/apache-tomcat-8.5.50/webapps/examples]
12-Dec-2022 10:52:52.025 INFORMAÇÕES [localhost-startStop-1] org.apache.catalina.startup.HostConfig.deployDirectory Deployment of web application directory [/home/al3ncar/www/DevOps/apache-tomcat-8.5.50/webapps/examples] has finished in [80] ms
12-Dec-2022 10:52:52.025 INFORMAÇÕES [localhost-startStop-1] org.apache.catalina.startup.HostConfig.deployDirectory Deploying web application directory [/home/al3ncar/www/DevOps/apache-tomcat-8.5.50/webapps/docs]
12-Dec-2022 10:52:52.031 INFORMAÇÕES [localhost-startStop-1] org.apache.catalina.startup.HostConfig.deployDirectory Deployment of web application directory [/home/al3ncar/www/DevOps/apache-tomcat-8.5.50/webapps/docs] has finished in [6] ms
12-Dec-2022 10:52:52.031 INFORMAÇÕES [localhost-startStop-1] org.apache.catalina.startup.HostConfig.deployDirectory Deploying web application directory [/home/al3ncar/www/DevOps/apache-tomcat-8.5.50/webapps/manager]
12-Dec-2022 10:52:52.039 INFORMAÇÕES [localhost-startStop-1] org.apache.catalina.startup.HostConfig.deployDirectory Deployment of web application directory [/home/al3ncar/www/DevOps/apache-tomcat-8.5.50/webapps/manager] has finished in [8] ms
12-Dec-2022 10:52:52.042 INFORMAÇÕES [main] org.apache.coyote.AbstractProtocol.start Starting ProtocolHandler ["http-nio-8001"]
12-Dec-2022 10:52:52.047 INFORMAÇÕES [main] org.apache.coyote.AbstractProtocol.start Starting ProtocolHandler ["ajp-nio-8009"]
12-Dec-2022 10:52:52.048 INFORMAÇÕES [main] org.apache.catalina.startup.Catalina.start Server startup in 7617 ms
12-Dec-2022 15:01:12.138 ADVERTÊNCIA [http-nio-8001-exec-2] org.apache.catalina.loader.WebappClassLoaderBase.clearReferencesJdbc The web application [tasks-backend] registered the JDBC driver [org.postgresql.Driver] but failed to unregister it when the web application was stopped. To prevent a memory leak, the JDBC Driver has been forcibly unregistered.
12-Dec-2022 15:01:12.653 INFORMAÇÕES [http-nio-8001-exec-2] org.apache.catalina.startup.HostConfig.undeploy Undeploying context [/tasks-backend]
12-Dec-2022 15:01:12.996 INFORMAÇÕES [http-nio-8001-exec-8] org.apache.catalina.startup.HostConfig.deployWAR Deploying web application archive [/home/al3ncar/www/DevOps/apache-tomcat-8.5.50/webapps/tasks-backend.war]
12-Dec-2022 15:01:16.918 INFORMAÇÕES [http-nio-8001-exec-8] org.apache.jasper.servlet.TldScanner.scanJars At least one JAR was scanned for TLDs yet contained no TLDs. Enable debug logging for this logger for a complete list of JARs that were scanned but no TLDs were found in them. Skipping unneeded JARs during scanning can improve startup time and JSP compilation time.
12-Dec-2022 15:01:16.923 INFORMAÇÕES [http-nio-8001-exec-8] org.apache.catalina.startup.HostConfig.deployWAR Deployment of web application archive [/home/al3ncar/www/DevOps/apache-tomcat-8.5.50/webapps/tasks-backend.war] has finished in [3,926] ms
12-Dec-2022 15:01:38.124 INFORMAÇÕES [http-nio-8001-exec-11] org.apache.catalina.startup.HostConfig.undeploy Undeploying context [/tasks]
12-Dec-2022 15:01:38.388 INFORMAÇÕES [http-nio-8001-exec-13] org.apache.catalina.startup.HostConfig.deployWAR Deploying web application archive [/home/al3ncar/www/DevOps/apache-tomcat-8.5.50/webapps/tasks.war]
12-Dec-2022 15:01:40.403 INFORMAÇÕES [http-nio-8001-exec-13] org.apache.jasper.servlet.TldScanner.scanJars At least one JAR was scanned for TLDs yet contained no TLDs. Enable debug logging for this logger for a complete list of JARs that were scanned but no TLDs were found in them. Skipping unneeded JARs during scanning can improve startup time and JSP compilation time.
12-Dec-2022 15:01:40.406 INFORMAÇÕES [http-nio-8001-exec-13] org.apache.catalina.startup.HostConfig.deployWAR Deployment of web application archive [/home/al3ncar/www/DevOps/apache-tomcat-8.5.50/webapps/tasks.war] has finished in [2,018] ms
12-Dec-2022 17:50:16.946 ADVERTÊNCIA [http-nio-8001-exec-17] org.apache.catalina.loader.WebappClassLoaderBase.clearReferencesJdbc The web application [tasks-backend] registered the JDBC driver [org.postgresql.Driver] but failed to unregister it when the web application was stopped. To prevent a memory leak, the JDBC Driver has been forcibly unregistered.
12-Dec-2022 17:50:17.500 INFORMAÇÕES [http-nio-8001-exec-17] org.apache.catalina.startup.HostConfig.undeploy Undeploying context [/tasks-backend]
12-Dec-2022 17:50:17.872 INFORMAÇÕES [http-nio-8001-exec-20] org.apache.catalina.startup.HostConfig.deployWAR Deploying web application archive [/home/al3ncar/www/DevOps/apache-tomcat-8.5.50/webapps/tasks-backend.war]
12-Dec-2022 17:50:27.689 INFORMAÇÕES [http-nio-8001-exec-20] org.apache.jasper.servlet.TldScanner.scanJars At least one JAR was scanned for TLDs yet contained no TLDs. Enable debug logging for this logger for a complete list of JARs that were scanned but no TLDs were found in them. Skipping unneeded JARs during scanning can improve startup time and JSP compilation time.
12-Dec-2022 17:50:27.693 INFORMAÇÕES [http-nio-8001-exec-20] org.apache.catalina.startup.HostConfig.deployWAR Deployment of web application archive [/home/al3ncar/www/DevOps/apache-tomcat-8.5.50/webapps/tasks-backend.war] has finished in [9,821] ms
12-Dec-2022 17:50:54.044 INFORMAÇÕES [http-nio-8001-exec-25] org.apache.catalina.startup.HostConfig.undeploy Undeploying context [/tasks]
12-Dec-2022 17:50:54.300 INFORMAÇÕES [http-nio-8001-exec-21] org.apache.catalina.startup.HostConfig.deployWAR Deploying web application archive [/home/al3ncar/www/DevOps/apache-tomcat-8.5.50/webapps/tasks.war]
12-Dec-2022 17:50:57.190 INFORMAÇÕES [http-nio-8001-exec-21] org.apache.jasper.servlet.TldScanner.scanJars At least one JAR was scanned for TLDs yet contained no TLDs. Enable debug logging for this logger for a complete list of JARs that were scanned but no TLDs were found in them. Skipping unneeded JARs during scanning can improve startup time and JSP compilation time.
12-Dec-2022 17:50:57.194 INFORMAÇÕES [http-nio-8001-exec-21] org.apache.catalina.startup.HostConfig.deployWAR Deployment of web application archive [/home/al3ncar/www/DevOps/apache-tomcat-8.5.50/webapps/tasks.war] has finished in [2,894] ms
12-Dec-2022 20:43:26.445 ADVERTÊNCIA [http-nio-8001-exec-30] org.apache.catalina.loader.WebappClassLoaderBase.clearReferencesJdbc The web application [tasks-backend] registered the JDBC driver [org.postgresql.Driver] but failed to unregister it when the web application was stopped. To prevent a memory leak, the JDBC Driver has been forcibly unregistered.
12-Dec-2022 20:43:26.971 INFORMAÇÕES [http-nio-8001-exec-30] org.apache.catalina.startup.HostConfig.undeploy Undeploying context [/tasks-backend]
12-Dec-2022 20:43:27.308 INFORMAÇÕES [http-nio-8001-exec-32] org.apache.catalina.startup.HostConfig.deployWAR Deploying web application archive [/home/al3ncar/www/DevOps/apache-tomcat-8.5.50/webapps/tasks-backend.war]
12-Dec-2022 20:43:32.458 INFORMAÇÕES [http-nio-8001-exec-32] org.apache.jasper.servlet.TldScanner.scanJars At least one JAR was scanned for TLDs yet contained no TLDs. Enable debug logging for this logger for a complete list of JARs that were scanned but no TLDs were found in them. Skipping unneeded JARs during scanning can improve startup time and JSP compilation time.
12-Dec-2022 20:43:32.463 INFORMAÇÕES [http-nio-8001-exec-32] org.apache.catalina.startup.HostConfig.deployWAR Deployment of web application archive [/home/al3ncar/www/DevOps/apache-tomcat-8.5.50/webapps/tasks-backend.war] has finished in [5,155] ms
12-Dec-2022 20:43:59.897 INFORMAÇÕES [http-nio-8001-exec-40] org.apache.catalina.startup.HostConfig.undeploy Undeploying context [/tasks]
12-Dec-2022 20:44:00.176 INFORMAÇÕES [http-nio-8001-exec-39] org.apache.catalina.startup.HostConfig.deployWAR Deploying web application archive [/home/al3ncar/www/DevOps/apache-tomcat-8.5.50/webapps/tasks.war]
12-Dec-2022 20:44:02.463 INFORMAÇÕES [http-nio-8001-exec-39] org.apache.jasper.servlet.TldScanner.scanJars At least one JAR was scanned for TLDs yet contained no TLDs. Enable debug logging for this logger for a complete list of JARs that were scanned but no TLDs were found in them. Skipping unneeded JARs during scanning can improve startup time and JSP compilation time.
12-Dec-2022 20:44:02.467 INFORMAÇÕES [http-nio-8001-exec-39] org.apache.catalina.startup.HostConfig.deployWAR Deployment of web application archive [/home/al3ncar/www/DevOps/apache-tomcat-8.5.50/webapps/tasks.war] has finished in [2,291] ms
12-Dec-2022 20:53:04.760 ADVERTÊNCIA [http-nio-8001-exec-51] org.apache.catalina.loader.WebappClassLoaderBase.clearReferencesJdbc The web application [tasks-backend] registered the JDBC driver [org.postgresql.Driver] but failed to unregister it when the web application was stopped. To prevent a memory leak, the JDBC Driver has been forcibly unregistered.
12-Dec-2022 20:53:05.292 INFORMAÇÕES [http-nio-8001-exec-51] org.apache.catalina.startup.HostConfig.undeploy Undeploying context [/tasks-backend]
12-Dec-2022 20:53:05.536 INFORMAÇÕES [http-nio-8001-exec-49] org.apache.catalina.startup.HostConfig.deployWAR Deploying web application archive [/home/al3ncar/www/DevOps/apache-tomcat-8.5.50/webapps/tasks-backend.war]
12-Dec-2022 20:53:11.672 INFORMAÇÕES [http-nio-8001-exec-49] org.apache.jasper.servlet.TldScanner.scanJars At least one JAR was scanned for TLDs yet contained no TLDs. Enable debug logging for this logger for a complete list of JARs that were scanned but no TLDs were found in them. Skipping unneeded JARs during scanning can improve startup time and JSP compilation time.
12-Dec-2022 20:53:11.679 INFORMAÇÕES [http-nio-8001-exec-49] org.apache.catalina.startup.HostConfig.deployWAR Deployment of web application archive [/home/al3ncar/www/DevOps/apache-tomcat-8.5.50/webapps/tasks-backend.war] has finished in [6,143] ms
12-Dec-2022 20:53:45.438 INFORMAÇÕES [http-nio-8001-exec-48] org.apache.catalina.startup.HostConfig.undeploy Undeploying context [/tasks]
12-Dec-2022 20:53:45.777 INFORMAÇÕES [http-nio-8001-exec-54] org.apache.catalina.startup.HostConfig.deployWAR Deploying web application archive [/home/al3ncar/www/DevOps/apache-tomcat-8.5.50/webapps/tasks.war]
12-Dec-2022 20:53:48.647 INFORMAÇÕES [http-nio-8001-exec-54] org.apache.jasper.servlet.TldScanner.scanJars At least one JAR was scanned for TLDs yet contained no TLDs. Enable debug logging for this logger for a complete list of JARs that were scanned but no TLDs were found in them. Skipping unneeded JARs during scanning can improve startup time and JSP compilation time.
12-Dec-2022 20:53:48.652 INFORMAÇÕES [http-nio-8001-exec-54] org.apache.catalina.startup.HostConfig.deployWAR Deployment of web application archive [/home/al3ncar/www/DevOps/apache-tomcat-8.5.50/webapps/tasks.war] has finished in [2,875] ms
12-Dec-2022 21:18:59.104 INFORMAÇÕES [main] org.apache.catalina.core.StandardServer.await A valid shutdown command was received via the shutdown port. Stopping the Server instance.
12-Dec-2022 21:18:59.106 INFORMAÇÕES [main] org.apache.coyote.AbstractProtocol.pause Pausing ProtocolHandler ["http-nio-8001"]
12-Dec-2022 21:18:59.115 INFORMAÇÕES [main] org.apache.coyote.AbstractProtocol.pause Pausing ProtocolHandler ["ajp-nio-8009"]
12-Dec-2022 21:18:59.122 INFORMAÇÕES [main] org.apache.catalina.core.StandardService.stopInternal Stopping service [Catalina]
12-Dec-2022 21:18:59.189 ADVERTÊNCIA [localhost-startStop-2] org.apache.catalina.loader.WebappClassLoaderBase.clearReferencesJdbc The web application [tasks-backend] registered the JDBC driver [org.postgresql.Driver] but failed to unregister it when the web application was stopped. To prevent a memory leak, the JDBC Driver has been forcibly unregistered.
12-Dec-2022 21:18:59.307 INFORMAÇÕES [main] org.apache.coyote.AbstractProtocol.stop Stopping ProtocolHandler ["http-nio-8001"]
12-Dec-2022 21:18:59.311 INFORMAÇÕES [main] org.apache.coyote.AbstractProtocol.stop Stopping ProtocolHandler ["ajp-nio-8009"]
12-Dec-2022 21:18:59.327 INFORMAÇÕES [main] org.apache.coyote.AbstractProtocol.destroy Destroying ProtocolHandler ["http-nio-8001"]
12-Dec-2022 21:18:59.328 INFORMAÇÕES [main] org.apache.coyote.AbstractProtocol.destroy Destroying ProtocolHandler ["ajp-nio-8009"]
