10-Dec-2022 00:03:29.614 INFORMAÇÕES [localhost-startStop-2] org.apache.catalina.core.ApplicationContext.log Destroying Spring FrameworkServlet 'dispatcherServlet'
10-Dec-2022 00:03:29.616 INFORMAÇÕES [localhost-startStop-2] org.apache.catalina.core.ApplicationContext.log Closing Spring root WebApplicationContext
10-Dec-2022 00:03:29.641 INFORMAÇÕES [localhost-startStop-2] org.apache.catalina.core.ApplicationContext.log SessionListener: contextDestroyed()
10-Dec-2022 00:03:29.641 INFORMAÇÕES [localhost-startStop-2] org.apache.catalina.core.ApplicationContext.log ContextListener: contextDestroyed()
10-Dec-2022 00:03:29.648 INFORMAÇÕES [localhost-startStop-2] org.apache.catalina.core.ApplicationContext.log Destroying Spring FrameworkServlet 'dispatcherServlet'
10-Dec-2022 00:03:29.649 INFORMAÇÕES [localhost-startStop-2] org.apache.catalina.core.ApplicationContext.log Closing Spring root WebApplicationContext
10-Dec-2022 00:03:29.652 INFORMAÇÕES [localhost-startStop-2] org.apache.catalina.core.ApplicationContext.log Closing Spring root WebApplicationContext
10-Dec-2022 14:49:27.595 INFORMAÇÕES [localhost-startStop-1] org.apache.catalina.core.ApplicationContext.log 2 Spring WebApplicationInitializers detected on classpath
10-Dec-2022 14:49:30.314 INFORMAÇÕES [localhost-startStop-1] org.apache.catalina.core.ApplicationContext.log Initializing Spring embedded WebApplicationContext
10-Dec-2022 14:49:34.172 INFORMAÇÕES [localhost-startStop-1] org.apache.catalina.core.ApplicationContext.log 3 Spring WebApplicationInitializers detected on classpath
10-Dec-2022 14:49:35.110 INFORMAÇÕES [localhost-startStop-1] org.apache.catalina.core.ApplicationContext.log Initializing Spring embedded WebApplicationContext
10-Dec-2022 14:49:35.627 INFORMAÇÕES [localhost-startStop-1] org.apache.catalina.core.ApplicationContext.log Initializing Spring embedded WebApplicationContext
10-Dec-2022 14:49:35.820 INFORMAÇÕES [localhost-startStop-1] org.apache.catalina.core.ApplicationContext.log ContextListener: contextInitialized()
10-Dec-2022 14:49:35.820 INFORMAÇÕES [localhost-startStop-1] org.apache.catalina.core.ApplicationContext.log SessionListener: contextInitialized()
10-Dec-2022 14:49:35.820 INFORMAÇÕES [localhost-startStop-1] org.apache.catalina.core.ApplicationContext.log ContextListener: attributeAdded('StockTicker', 'async.Stockticker@52224738')
10-Dec-2022 14:52:27.859 INFORMAÇÕES [http-nio-8001-exec-1] org.apache.catalina.core.ApplicationContext.log Initializing Spring DispatcherServlet 'dispatcherServlet'
10-Dec-2022 14:52:51.033 INFORMAÇÕES [http-nio-8001-exec-8] org.apache.catalina.core.ApplicationContext.log Initializing Spring DispatcherServlet 'dispatcherServlet'
10-Dec-2022 16:59:23.223 INFORMAÇÕES [localhost-startStop-2] org.apache.catalina.core.ApplicationContext.log Destroying Spring FrameworkServlet 'dispatcherServlet'
10-Dec-2022 16:59:23.225 INFORMAÇÕES [localhost-startStop-2] org.apache.catalina.core.ApplicationContext.log Closing Spring root WebApplicationContext
10-Dec-2022 16:59:23.247 INFORMAÇÕES [localhost-startStop-2] org.apache.catalina.core.ApplicationContext.log SessionListener: contextDestroyed()
10-Dec-2022 16:59:23.247 INFORMAÇÕES [localhost-startStop-2] org.apache.catalina.core.ApplicationContext.log ContextListener: contextDestroyed()
10-Dec-2022 16:59:23.257 INFORMAÇÕES [localhost-startStop-2] org.apache.catalina.core.ApplicationContext.log Destroying Spring FrameworkServlet 'dispatcherServlet'
10-Dec-2022 16:59:23.259 INFORMAÇÕES [localhost-startStop-2] org.apache.catalina.core.ApplicationContext.log Closing Spring root WebApplicationContext
10-Dec-2022 16:59:23.263 INFORMAÇÕES [localhost-startStop-2] org.apache.catalina.core.ApplicationContext.log Closing Spring root WebApplicationContext
