28-Nov-2022 16:01:08.738 INFORMAÇÕES [localhost-startStop-1] org.apache.catalina.core.ApplicationContext.log 2 Spring WebApplicationInitializers detected on classpath
28-Nov-2022 16:01:10.142 INFORMAÇÕES [localhost-startStop-1] org.apache.catalina.core.ApplicationContext.log Initializing Spring embedded WebApplicationContext
28-Nov-2022 16:01:13.797 INFORMAÇÕES [localhost-startStop-1] org.apache.catalina.core.ApplicationContext.log 3 Spring WebApplicationInitializers detected on classpath
28-Nov-2022 16:01:14.690 INFORMAÇÕES [localhost-startStop-1] org.apache.catalina.core.ApplicationContext.log Initializing Spring embedded WebApplicationContext
28-Nov-2022 16:01:15.188 INFORMAÇÕES [localhost-startStop-1] org.apache.catalina.core.ApplicationContext.log Initializing Spring embedded WebApplicationContext
28-Nov-2022 16:01:15.391 INFORMAÇÕES [localhost-startStop-1] org.apache.catalina.core.ApplicationContext.log ContextListener: contextInitialized()
28-Nov-2022 16:01:15.391 INFORMAÇÕES [localhost-startStop-1] org.apache.catalina.core.ApplicationContext.log SessionListener: contextInitialized()
28-Nov-2022 16:01:15.392 INFORMAÇÕES [localhost-startStop-1] org.apache.catalina.core.ApplicationContext.log ContextListener: attributeAdded('StockTicker', 'async.Stockticker@2e86b3f3')
28-Nov-2022 16:02:10.253 INFORMAÇÕES [localhost-startStop-2] org.apache.catalina.core.ApplicationContext.log SessionListener: contextDestroyed()
28-Nov-2022 16:02:10.253 INFORMAÇÕES [localhost-startStop-2] org.apache.catalina.core.ApplicationContext.log ContextListener: contextDestroyed()
28-Nov-2022 16:02:10.260 INFORMAÇÕES [localhost-startStop-2] org.apache.catalina.core.ApplicationContext.log Closing Spring root WebApplicationContext
28-Nov-2022 16:02:10.263 INFORMAÇÕES [localhost-startStop-2] org.apache.catalina.core.ApplicationContext.log Closing Spring root WebApplicationContext
28-Nov-2022 16:02:19.002 INFORMAÇÕES [localhost-startStop-1] org.apache.catalina.core.ApplicationContext.log 2 Spring WebApplicationInitializers detected on classpath
28-Nov-2022 16:02:20.430 INFORMAÇÕES [localhost-startStop-1] org.apache.catalina.core.ApplicationContext.log Initializing Spring embedded WebApplicationContext
28-Nov-2022 16:02:24.126 INFORMAÇÕES [localhost-startStop-1] org.apache.catalina.core.ApplicationContext.log 3 Spring WebApplicationInitializers detected on classpath
28-Nov-2022 16:02:25.041 INFORMAÇÕES [localhost-startStop-1] org.apache.catalina.core.ApplicationContext.log Initializing Spring embedded WebApplicationContext
28-Nov-2022 16:02:25.699 INFORMAÇÕES [localhost-startStop-1] org.apache.catalina.core.ApplicationContext.log Initializing Spring embedded WebApplicationContext
28-Nov-2022 16:02:25.932 INFORMAÇÕES [localhost-startStop-1] org.apache.catalina.core.ApplicationContext.log ContextListener: contextInitialized()
28-Nov-2022 16:02:25.932 INFORMAÇÕES [localhost-startStop-1] org.apache.catalina.core.ApplicationContext.log SessionListener: contextInitialized()
28-Nov-2022 16:02:25.933 INFORMAÇÕES [localhost-startStop-1] org.apache.catalina.core.ApplicationContext.log ContextListener: attributeAdded('StockTicker', 'async.Stockticker@7ac6427c')
28-Nov-2022 16:07:20.412 INFORMAÇÕES [http-nio-8001-exec-4] org.apache.catalina.core.ApplicationContext.log 2 Spring WebApplicationInitializers detected on classpath
28-Nov-2022 16:07:21.625 INFORMAÇÕES [http-nio-8001-exec-4] org.apache.catalina.core.ApplicationContext.log Initializing Spring embedded WebApplicationContext
28-Nov-2022 16:08:54.864 INFORMAÇÕES [http-nio-8001-exec-11] org.apache.catalina.core.ApplicationContext.log Initializing Spring DispatcherServlet 'dispatcherServlet'
28-Nov-2022 16:08:54.943 INFORMAÇÕES [http-nio-8001-exec-12] org.apache.catalina.core.ApplicationContext.log Initializing Spring DispatcherServlet 'dispatcherServlet'
28-Nov-2022 16:09:12.673 INFORMAÇÕES [http-nio-8001-exec-3] org.apache.catalina.core.ApplicationContext.log Destroying Spring FrameworkServlet 'dispatcherServlet'
28-Nov-2022 16:09:12.677 INFORMAÇÕES [http-nio-8001-exec-3] org.apache.catalina.core.ApplicationContext.log Closing Spring root WebApplicationContext
28-Nov-2022 16:09:13.550 INFORMAÇÕES [http-nio-8001-exec-3] org.apache.catalina.core.ApplicationContext.log 2 Spring WebApplicationInitializers detected on classpath
28-Nov-2022 16:09:14.768 INFORMAÇÕES [http-nio-8001-exec-3] org.apache.catalina.core.ApplicationContext.log Initializing Spring embedded WebApplicationContext
28-Nov-2022 16:09:18.254 INFORMAÇÕES [http-nio-8001-exec-15] org.apache.catalina.core.ApplicationContext.log Destroying Spring FrameworkServlet 'dispatcherServlet'
28-Nov-2022 16:09:18.255 INFORMAÇÕES [http-nio-8001-exec-15] org.apache.catalina.core.ApplicationContext.log Closing Spring root WebApplicationContext
28-Nov-2022 16:09:18.258 INFORMAÇÕES [http-nio-8001-exec-15] org.apache.catalina.core.ApplicationContext.log Closing Spring root WebApplicationContext
28-Nov-2022 16:09:18.747 INFORMAÇÕES [http-nio-8001-exec-15] org.apache.catalina.core.ApplicationContext.log 3 Spring WebApplicationInitializers detected on classpath
28-Nov-2022 16:09:19.653 INFORMAÇÕES [http-nio-8001-exec-15] org.apache.catalina.core.ApplicationContext.log Initializing Spring embedded WebApplicationContext
28-Nov-2022 16:09:20.136 INFORMAÇÕES [http-nio-8001-exec-15] org.apache.catalina.core.ApplicationContext.log Initializing Spring embedded WebApplicationContext
28-Nov-2022 16:09:22.045 INFORMAÇÕES [http-nio-8001-exec-3] org.apache.catalina.core.ApplicationContext.log Initializing Spring DispatcherServlet 'dispatcherServlet'
28-Nov-2022 16:09:22.125 INFORMAÇÕES [http-nio-8001-exec-5] org.apache.catalina.core.ApplicationContext.log Initializing Spring DispatcherServlet 'dispatcherServlet'
28-Nov-2022 18:04:37.866 INFORMAÇÕES [localhost-startStop-2] org.apache.catalina.core.ApplicationContext.log Destroying Spring FrameworkServlet 'dispatcherServlet'
28-Nov-2022 18:04:37.868 INFORMAÇÕES [localhost-startStop-2] org.apache.catalina.core.ApplicationContext.log Closing Spring root WebApplicationContext
28-Nov-2022 18:04:37.891 INFORMAÇÕES [localhost-startStop-2] org.apache.catalina.core.ApplicationContext.log SessionListener: contextDestroyed()
28-Nov-2022 18:04:37.891 INFORMAÇÕES [localhost-startStop-2] org.apache.catalina.core.ApplicationContext.log ContextListener: contextDestroyed()
28-Nov-2022 18:04:37.896 INFORMAÇÕES [localhost-startStop-2] org.apache.catalina.core.ApplicationContext.log Destroying Spring FrameworkServlet 'dispatcherServlet'
28-Nov-2022 18:04:37.897 INFORMAÇÕES [localhost-startStop-2] org.apache.catalina.core.ApplicationContext.log Closing Spring root WebApplicationContext
28-Nov-2022 18:04:37.903 INFORMAÇÕES [localhost-startStop-2] org.apache.catalina.core.ApplicationContext.log Closing Spring root WebApplicationContext
28-Nov-2022 20:18:51.193 INFORMAÇÕES [localhost-startStop-1] org.apache.catalina.core.ApplicationContext.log 2 Spring WebApplicationInitializers detected on classpath
28-Nov-2022 20:18:52.790 INFORMAÇÕES [localhost-startStop-1] org.apache.catalina.core.ApplicationContext.log Initializing Spring embedded WebApplicationContext
28-Nov-2022 20:18:56.709 INFORMAÇÕES [localhost-startStop-1] org.apache.catalina.core.ApplicationContext.log 3 Spring WebApplicationInitializers detected on classpath
28-Nov-2022 20:18:57.635 INFORMAÇÕES [localhost-startStop-1] org.apache.catalina.core.ApplicationContext.log Initializing Spring embedded WebApplicationContext
28-Nov-2022 20:18:58.159 INFORMAÇÕES [localhost-startStop-1] org.apache.catalina.core.ApplicationContext.log Initializing Spring embedded WebApplicationContext
28-Nov-2022 20:18:58.391 INFORMAÇÕES [localhost-startStop-1] org.apache.catalina.core.ApplicationContext.log ContextListener: contextInitialized()
28-Nov-2022 20:18:58.391 INFORMAÇÕES [localhost-startStop-1] org.apache.catalina.core.ApplicationContext.log SessionListener: contextInitialized()
28-Nov-2022 20:18:58.392 INFORMAÇÕES [localhost-startStop-1] org.apache.catalina.core.ApplicationContext.log ContextListener: attributeAdded('StockTicker', 'async.Stockticker@10114e05')
28-Nov-2022 20:41:31.857 INFORMAÇÕES [localhost-startStop-2] org.apache.catalina.core.ApplicationContext.log SessionListener: contextDestroyed()
28-Nov-2022 20:41:31.857 INFORMAÇÕES [localhost-startStop-2] org.apache.catalina.core.ApplicationContext.log ContextListener: contextDestroyed()
28-Nov-2022 20:41:31.863 INFORMAÇÕES [localhost-startStop-2] org.apache.catalina.core.ApplicationContext.log Closing Spring root WebApplicationContext
28-Nov-2022 20:41:31.867 INFORMAÇÕES [localhost-startStop-2] org.apache.catalina.core.ApplicationContext.log Closing Spring root WebApplicationContext
