18-Dec-2022 00:15:07.292 INFORMAÇÕES [http-nio-8001-exec-1] org.apache.catalina.core.ApplicationContext.log Manager: init: Associated with Deployer 'Catalina:type=Deployer,host=localhost'
18-Dec-2022 00:15:07.293 INFORMAÇÕES [http-nio-8001-exec-1] org.apache.catalina.core.ApplicationContext.log Manager: init: Global resources are available
18-Dec-2022 00:15:07.298 INFORMAÇÕES [http-nio-8001-exec-1] org.apache.catalina.core.ApplicationContext.log Manager: list: Listing contexts for virtual host 'localhost'
18-Dec-2022 00:15:07.304 INFORMAÇÕES [http-nio-8001-exec-2] org.apache.catalina.core.ApplicationContext.log Manager: list: Listing contexts for virtual host 'localhost'
18-Dec-2022 00:15:07.305 INFORMAÇÕES [http-nio-8001-exec-2] org.apache.catalina.core.ApplicationContext.log Manager: undeploy: Undeploying web application at '/tasks-backend'
18-Dec-2022 00:15:07.838 INFORMAÇÕES [http-nio-8001-exec-9] org.apache.catalina.core.ApplicationContext.log Manager: deploy: Deploying web application '/tasks-backend'
18-Dec-2022 00:15:07.838 INFORMAÇÕES [http-nio-8001-exec-9] org.apache.catalina.core.ApplicationContext.log Manager: Uploading WAR file to /home/al3ncar/www/DevOps/apache-tomcat-8.5.50/webapps/tasks-backend.war
18-Dec-2022 00:22:35.405 INFORMAÇÕES [http-nio-8001-exec-11] org.apache.catalina.core.ApplicationContext.log Manager: list: Listing contexts for virtual host 'localhost'
18-Dec-2022 00:22:35.406 INFORMAÇÕES [http-nio-8001-exec-12] org.apache.catalina.core.ApplicationContext.log Manager: list: Listing contexts for virtual host 'localhost'
18-Dec-2022 00:22:35.407 INFORMAÇÕES [http-nio-8001-exec-13] org.apache.catalina.core.ApplicationContext.log Manager: undeploy: Undeploying web application at '/tasks-backend'
18-Dec-2022 00:22:35.951 INFORMAÇÕES [http-nio-8001-exec-12] org.apache.catalina.core.ApplicationContext.log Manager: deploy: Deploying web application '/tasks-backend'
18-Dec-2022 00:22:35.951 INFORMAÇÕES [http-nio-8001-exec-12] org.apache.catalina.core.ApplicationContext.log Manager: Uploading WAR file to /home/al3ncar/www/DevOps/apache-tomcat-8.5.50/webapps/tasks-backend.war
18-Dec-2022 00:31:43.213 INFORMAÇÕES [http-nio-8001-exec-21] org.apache.catalina.core.ApplicationContext.log Manager: list: Listing contexts for virtual host 'localhost'
18-Dec-2022 00:31:43.215 INFORMAÇÕES [http-nio-8001-exec-22] org.apache.catalina.core.ApplicationContext.log Manager: list: Listing contexts for virtual host 'localhost'
18-Dec-2022 00:31:43.216 INFORMAÇÕES [http-nio-8001-exec-23] org.apache.catalina.core.ApplicationContext.log Manager: undeploy: Undeploying web application at '/tasks-backend'
18-Dec-2022 00:31:43.761 INFORMAÇÕES [http-nio-8001-exec-24] org.apache.catalina.core.ApplicationContext.log Manager: deploy: Deploying web application '/tasks-backend'
18-Dec-2022 00:31:43.761 INFORMAÇÕES [http-nio-8001-exec-24] org.apache.catalina.core.ApplicationContext.log Manager: Uploading WAR file to /home/al3ncar/www/DevOps/apache-tomcat-8.5.50/webapps/tasks-backend.war
18-Dec-2022 00:47:59.938 INFORMAÇÕES [http-nio-8001-exec-31] org.apache.catalina.core.ApplicationContext.log Manager: list: Listing contexts for virtual host 'localhost'
18-Dec-2022 00:47:59.941 INFORMAÇÕES [http-nio-8001-exec-32] org.apache.catalina.core.ApplicationContext.log Manager: list: Listing contexts for virtual host 'localhost'
18-Dec-2022 00:47:59.942 INFORMAÇÕES [http-nio-8001-exec-33] org.apache.catalina.core.ApplicationContext.log Manager: undeploy: Undeploying web application at '/tasks-backend'
18-Dec-2022 00:48:00.489 INFORMAÇÕES [http-nio-8001-exec-37] org.apache.catalina.core.ApplicationContext.log Manager: deploy: Deploying web application '/tasks-backend'
18-Dec-2022 00:48:00.489 INFORMAÇÕES [http-nio-8001-exec-37] org.apache.catalina.core.ApplicationContext.log Manager: Uploading WAR file to /home/al3ncar/www/DevOps/apache-tomcat-8.5.50/webapps/tasks-backend.war
18-Dec-2022 00:50:33.615 INFORMAÇÕES [http-nio-8001-exec-41] org.apache.catalina.core.ApplicationContext.log Manager: list: Listing contexts for virtual host 'localhost'
18-Dec-2022 00:50:33.616 INFORMAÇÕES [http-nio-8001-exec-42] org.apache.catalina.core.ApplicationContext.log Manager: list: Listing contexts for virtual host 'localhost'
18-Dec-2022 00:50:33.618 INFORMAÇÕES [http-nio-8001-exec-43] org.apache.catalina.core.ApplicationContext.log Manager: undeploy: Undeploying web application at '/tasks-backend'
18-Dec-2022 00:50:34.165 INFORMAÇÕES [http-nio-8001-exec-42] org.apache.catalina.core.ApplicationContext.log Manager: deploy: Deploying web application '/tasks-backend'
18-Dec-2022 00:50:34.166 INFORMAÇÕES [http-nio-8001-exec-42] org.apache.catalina.core.ApplicationContext.log Manager: Uploading WAR file to /home/al3ncar/www/DevOps/apache-tomcat-8.5.50/webapps/tasks-backend.war
18-Dec-2022 00:50:50.099 INFORMAÇÕES [http-nio-8001-exec-46] org.apache.catalina.core.ApplicationContext.log Manager: list: Listing contexts for virtual host 'localhost'
18-Dec-2022 00:50:50.100 INFORMAÇÕES [http-nio-8001-exec-40] org.apache.catalina.core.ApplicationContext.log Manager: list: Listing contexts for virtual host 'localhost'
18-Dec-2022 00:50:50.101 INFORMAÇÕES [http-nio-8001-exec-41] org.apache.catalina.core.ApplicationContext.log Manager: undeploy: Undeploying web application at '/tasks'
18-Dec-2022 00:50:50.638 INFORMAÇÕES [http-nio-8001-exec-52] org.apache.catalina.core.ApplicationContext.log Manager: deploy: Deploying web application '/tasks'
18-Dec-2022 00:50:50.639 INFORMAÇÕES [http-nio-8001-exec-52] org.apache.catalina.core.ApplicationContext.log Manager: Uploading WAR file to /home/al3ncar/www/DevOps/apache-tomcat-8.5.50/webapps/tasks.war
18-Dec-2022 00:54:43.816 INFORMAÇÕES [http-nio-8001-exec-53] org.apache.catalina.core.ApplicationContext.log Manager: list: Listing contexts for virtual host 'localhost'
18-Dec-2022 00:54:43.818 INFORMAÇÕES [http-nio-8001-exec-54] org.apache.catalina.core.ApplicationContext.log Manager: list: Listing contexts for virtual host 'localhost'
18-Dec-2022 00:54:43.819 INFORMAÇÕES [http-nio-8001-exec-55] org.apache.catalina.core.ApplicationContext.log Manager: undeploy: Undeploying web application at '/tasks-backend'
18-Dec-2022 00:54:44.358 INFORMAÇÕES [http-nio-8001-exec-54] org.apache.catalina.core.ApplicationContext.log Manager: deploy: Deploying web application '/tasks-backend'
18-Dec-2022 00:54:44.358 INFORMAÇÕES [http-nio-8001-exec-54] org.apache.catalina.core.ApplicationContext.log Manager: Uploading WAR file to /home/al3ncar/www/DevOps/apache-tomcat-8.5.50/webapps/tasks-backend.war
18-Dec-2022 00:55:00.600 INFORMAÇÕES [http-nio-8001-exec-53] org.apache.catalina.core.ApplicationContext.log Manager: list: Listing contexts for virtual host 'localhost'
18-Dec-2022 00:55:00.602 INFORMAÇÕES [http-nio-8001-exec-41] org.apache.catalina.core.ApplicationContext.log Manager: list: Listing contexts for virtual host 'localhost'
18-Dec-2022 00:55:00.603 INFORMAÇÕES [http-nio-8001-exec-50] org.apache.catalina.core.ApplicationContext.log Manager: undeploy: Undeploying web application at '/tasks'
18-Dec-2022 00:55:01.132 INFORMAÇÕES [http-nio-8001-exec-60] org.apache.catalina.core.ApplicationContext.log Manager: deploy: Deploying web application '/tasks'
18-Dec-2022 00:55:01.133 INFORMAÇÕES [http-nio-8001-exec-60] org.apache.catalina.core.ApplicationContext.log Manager: Uploading WAR file to /home/al3ncar/www/DevOps/apache-tomcat-8.5.50/webapps/tasks.war
18-Dec-2022 00:57:08.865 INFORMAÇÕES [http-nio-8001-exec-62] org.apache.catalina.core.ApplicationContext.log Manager: list: Listing contexts for virtual host 'localhost'
18-Dec-2022 00:57:08.867 INFORMAÇÕES [http-nio-8001-exec-65] org.apache.catalina.core.ApplicationContext.log Manager: list: Listing contexts for virtual host 'localhost'
18-Dec-2022 00:57:08.869 INFORMAÇÕES [http-nio-8001-exec-63] org.apache.catalina.core.ApplicationContext.log Manager: undeploy: Undeploying web application at '/tasks-backend'
18-Dec-2022 00:57:09.408 INFORMAÇÕES [http-nio-8001-exec-59] org.apache.catalina.core.ApplicationContext.log Manager: deploy: Deploying web application '/tasks-backend'
18-Dec-2022 00:57:09.409 INFORMAÇÕES [http-nio-8001-exec-59] org.apache.catalina.core.ApplicationContext.log Manager: Uploading WAR file to /home/al3ncar/www/DevOps/apache-tomcat-8.5.50/webapps/tasks-backend.war
18-Dec-2022 00:57:27.138 INFORMAÇÕES [http-nio-8001-exec-64] org.apache.catalina.core.ApplicationContext.log Manager: list: Listing contexts for virtual host 'localhost'
18-Dec-2022 00:57:27.139 INFORMAÇÕES [http-nio-8001-exec-66] org.apache.catalina.core.ApplicationContext.log Manager: list: Listing contexts for virtual host 'localhost'
18-Dec-2022 00:57:27.140 INFORMAÇÕES [http-nio-8001-exec-65] org.apache.catalina.core.ApplicationContext.log Manager: undeploy: Undeploying web application at '/tasks'
18-Dec-2022 00:57:27.672 INFORMAÇÕES [http-nio-8001-exec-69] org.apache.catalina.core.ApplicationContext.log Manager: deploy: Deploying web application '/tasks'
18-Dec-2022 00:57:27.673 INFORMAÇÕES [http-nio-8001-exec-69] org.apache.catalina.core.ApplicationContext.log Manager: Uploading WAR file to /home/al3ncar/www/DevOps/apache-tomcat-8.5.50/webapps/tasks.war
