21-Dec-2022 10:47:32.673 INFORMAÇÕES [http-nio-8001-exec-1] org.apache.catalina.core.ApplicationContext.log Manager: init: Associated with Deployer 'Catalina:type=Deployer,host=localhost'
21-Dec-2022 10:47:32.673 INFORMAÇÕES [http-nio-8001-exec-1] org.apache.catalina.core.ApplicationContext.log Manager: init: Global resources are available
21-Dec-2022 10:47:32.679 INFORMAÇÕES [http-nio-8001-exec-1] org.apache.catalina.core.ApplicationContext.log Manager: list: Listing contexts for virtual host 'localhost'
21-Dec-2022 10:47:32.684 INFORMAÇÕES [http-nio-8001-exec-3] org.apache.catalina.core.ApplicationContext.log Manager: list: Listing contexts for virtual host 'localhost'
21-Dec-2022 10:47:32.686 INFORMAÇÕES [http-nio-8001-exec-4] org.apache.catalina.core.ApplicationContext.log Manager: undeploy: Undeploying web application at '/tasks-backend'
21-Dec-2022 10:47:33.214 INFORMAÇÕES [http-nio-8001-exec-1] org.apache.catalina.core.ApplicationContext.log Manager: deploy: Deploying web application '/tasks-backend'
21-Dec-2022 10:47:33.214 INFORMAÇÕES [http-nio-8001-exec-1] org.apache.catalina.core.ApplicationContext.log Manager: Uploading WAR file to /home/al3ncar/www/DevOps/apache-tomcat-8.5.50/webapps/tasks-backend.war
21-Dec-2022 10:47:48.009 INFORMAÇÕES [http-nio-8001-exec-7] org.apache.catalina.core.ApplicationContext.log Manager: list: Listing contexts for virtual host 'localhost'
21-Dec-2022 10:47:48.010 INFORMAÇÕES [http-nio-8001-exec-9] org.apache.catalina.core.ApplicationContext.log Manager: list: Listing contexts for virtual host 'localhost'
21-Dec-2022 10:47:48.013 INFORMAÇÕES [http-nio-8001-exec-10] org.apache.catalina.core.ApplicationContext.log Manager: undeploy: Undeploying web application at '/tasks'
21-Dec-2022 10:47:48.555 INFORMAÇÕES [http-nio-8001-exec-11] org.apache.catalina.core.ApplicationContext.log Manager: deploy: Deploying web application '/tasks'
21-Dec-2022 10:47:48.555 INFORMAÇÕES [http-nio-8001-exec-11] org.apache.catalina.core.ApplicationContext.log Manager: Uploading WAR file to /home/al3ncar/www/DevOps/apache-tomcat-8.5.50/webapps/tasks.war
21-Dec-2022 11:45:36.661 INFORMAÇÕES [http-nio-8001-exec-18] org.apache.catalina.core.ApplicationContext.log Manager: list: Listing contexts for virtual host 'localhost'
21-Dec-2022 11:45:36.663 INFORMAÇÕES [http-nio-8001-exec-19] org.apache.catalina.core.ApplicationContext.log Manager: list: Listing contexts for virtual host 'localhost'
21-Dec-2022 11:45:36.664 INFORMAÇÕES [http-nio-8001-exec-20] org.apache.catalina.core.ApplicationContext.log Manager: undeploy: Undeploying web application at '/tasks-backend'
21-Dec-2022 11:45:37.273 INFORMAÇÕES [http-nio-8001-exec-21] org.apache.catalina.core.ApplicationContext.log Manager: deploy: Deploying web application '/tasks-backend'
21-Dec-2022 11:45:37.273 INFORMAÇÕES [http-nio-8001-exec-21] org.apache.catalina.core.ApplicationContext.log Manager: Uploading WAR file to /home/al3ncar/www/DevOps/apache-tomcat-8.5.50/webapps/tasks-backend.war
21-Dec-2022 11:45:55.900 INFORMAÇÕES [http-nio-8001-exec-17] org.apache.catalina.core.ApplicationContext.log Manager: list: Listing contexts for virtual host 'localhost'
21-Dec-2022 11:45:55.901 INFORMAÇÕES [http-nio-8001-exec-16] org.apache.catalina.core.ApplicationContext.log Manager: list: Listing contexts for virtual host 'localhost'
21-Dec-2022 11:45:55.902 INFORMAÇÕES [http-nio-8001-exec-22] org.apache.catalina.core.ApplicationContext.log Manager: undeploy: Undeploying web application at '/tasks'
21-Dec-2022 11:45:56.463 INFORMAÇÕES [http-nio-8001-exec-24] org.apache.catalina.core.ApplicationContext.log Manager: deploy: Deploying web application '/tasks'
21-Dec-2022 11:45:56.463 INFORMAÇÕES [http-nio-8001-exec-24] org.apache.catalina.core.ApplicationContext.log Manager: Uploading WAR file to /home/al3ncar/www/DevOps/apache-tomcat-8.5.50/webapps/tasks.war
21-Dec-2022 11:50:29.742 INFORMAÇÕES [http-nio-8001-exec-1] org.apache.catalina.core.ApplicationContext.log Manager: init: Associated with Deployer 'Catalina:type=Deployer,host=localhost'
21-Dec-2022 11:50:29.743 INFORMAÇÕES [http-nio-8001-exec-1] org.apache.catalina.core.ApplicationContext.log Manager: init: Global resources are available
21-Dec-2022 11:50:29.747 INFORMAÇÕES [http-nio-8001-exec-1] org.apache.catalina.core.ApplicationContext.log Manager: list: Listing contexts for virtual host 'localhost'
21-Dec-2022 11:50:29.752 INFORMAÇÕES [http-nio-8001-exec-2] org.apache.catalina.core.ApplicationContext.log Manager: list: Listing contexts for virtual host 'localhost'
21-Dec-2022 11:50:29.754 INFORMAÇÕES [http-nio-8001-exec-3] org.apache.catalina.core.ApplicationContext.log Manager: undeploy: Undeploying web application at '/tasks-backend'
21-Dec-2022 11:50:30.310 INFORMAÇÕES [http-nio-8001-exec-8] org.apache.catalina.core.ApplicationContext.log Manager: deploy: Deploying web application '/tasks-backend'
21-Dec-2022 11:50:30.310 INFORMAÇÕES [http-nio-8001-exec-8] org.apache.catalina.core.ApplicationContext.log Manager: Uploading WAR file to /home/al3ncar/www/DevOps/apache-tomcat-8.5.50/webapps/tasks-backend.war
21-Dec-2022 11:50:47.465 INFORMAÇÕES [http-nio-8001-exec-6] org.apache.catalina.core.ApplicationContext.log Manager: list: Listing contexts for virtual host 'localhost'
21-Dec-2022 11:50:47.466 INFORMAÇÕES [http-nio-8001-exec-5] org.apache.catalina.core.ApplicationContext.log Manager: list: Listing contexts for virtual host 'localhost'
21-Dec-2022 11:50:47.468 INFORMAÇÕES [http-nio-8001-exec-7] org.apache.catalina.core.ApplicationContext.log Manager: undeploy: Undeploying web application at '/tasks'
21-Dec-2022 11:50:48.032 INFORMAÇÕES [http-nio-8001-exec-13] org.apache.catalina.core.ApplicationContext.log Manager: deploy: Deploying web application '/tasks'
21-Dec-2022 11:50:48.032 INFORMAÇÕES [http-nio-8001-exec-13] org.apache.catalina.core.ApplicationContext.log Manager: Uploading WAR file to /home/al3ncar/www/DevOps/apache-tomcat-8.5.50/webapps/tasks.war
21-Dec-2022 11:58:39.722 INFORMAÇÕES [http-nio-8001-exec-17] org.apache.catalina.core.ApplicationContext.log Manager: list: Listing contexts for virtual host 'localhost'
21-Dec-2022 11:58:39.723 INFORMAÇÕES [http-nio-8001-exec-18] org.apache.catalina.core.ApplicationContext.log Manager: list: Listing contexts for virtual host 'localhost'
21-Dec-2022 11:58:39.724 INFORMAÇÕES [http-nio-8001-exec-16] org.apache.catalina.core.ApplicationContext.log Manager: undeploy: Undeploying web application at '/tasks-backend'
21-Dec-2022 11:58:40.262 INFORMAÇÕES [http-nio-8001-exec-20] org.apache.catalina.core.ApplicationContext.log Manager: deploy: Deploying web application '/tasks-backend'
21-Dec-2022 11:58:40.263 INFORMAÇÕES [http-nio-8001-exec-20] org.apache.catalina.core.ApplicationContext.log Manager: Uploading WAR file to /home/al3ncar/www/DevOps/apache-tomcat-8.5.50/webapps/tasks-backend.war
21-Dec-2022 11:58:54.596 INFORMAÇÕES [http-nio-8001-exec-22] org.apache.catalina.core.ApplicationContext.log Manager: list: Listing contexts for virtual host 'localhost'
21-Dec-2022 11:58:54.597 INFORMAÇÕES [http-nio-8001-exec-17] org.apache.catalina.core.ApplicationContext.log Manager: list: Listing contexts for virtual host 'localhost'
21-Dec-2022 11:58:54.598 INFORMAÇÕES [http-nio-8001-exec-19] org.apache.catalina.core.ApplicationContext.log Manager: undeploy: Undeploying web application at '/tasks'
21-Dec-2022 11:58:55.124 INFORMAÇÕES [http-nio-8001-exec-28] org.apache.catalina.core.ApplicationContext.log Manager: deploy: Deploying web application '/tasks'
21-Dec-2022 11:58:55.125 INFORMAÇÕES [http-nio-8001-exec-28] org.apache.catalina.core.ApplicationContext.log Manager: Uploading WAR file to /home/al3ncar/www/DevOps/apache-tomcat-8.5.50/webapps/tasks.war
21-Dec-2022 15:32:36.188 INFORMAÇÕES [http-nio-8001-exec-1] org.apache.catalina.core.ApplicationContext.log Manager: init: Associated with Deployer 'Catalina:type=Deployer,host=localhost'
21-Dec-2022 15:32:36.189 INFORMAÇÕES [http-nio-8001-exec-1] org.apache.catalina.core.ApplicationContext.log Manager: init: Global resources are available
21-Dec-2022 15:32:36.193 INFORMAÇÕES [http-nio-8001-exec-1] org.apache.catalina.core.ApplicationContext.log Manager: list: Listing contexts for virtual host 'localhost'
21-Dec-2022 15:32:36.198 INFORMAÇÕES [http-nio-8001-exec-2] org.apache.catalina.core.ApplicationContext.log Manager: list: Listing contexts for virtual host 'localhost'
21-Dec-2022 15:32:36.200 INFORMAÇÕES [http-nio-8001-exec-3] org.apache.catalina.core.ApplicationContext.log Manager: undeploy: Undeploying web application at '/tasks-backend'
21-Dec-2022 15:32:36.727 INFORMAÇÕES [http-nio-8001-exec-6] org.apache.catalina.core.ApplicationContext.log Manager: deploy: Deploying web application '/tasks-backend'
21-Dec-2022 15:32:36.727 INFORMAÇÕES [http-nio-8001-exec-6] org.apache.catalina.core.ApplicationContext.log Manager: Uploading WAR file to /home/al3ncar/www/DevOps/apache-tomcat-8.5.50/webapps/tasks-backend.war
21-Dec-2022 15:32:51.567 INFORMAÇÕES [http-nio-8001-exec-4] org.apache.catalina.core.ApplicationContext.log Manager: list: Listing contexts for virtual host 'localhost'
21-Dec-2022 15:32:51.569 INFORMAÇÕES [http-nio-8001-exec-1] org.apache.catalina.core.ApplicationContext.log Manager: list: Listing contexts for virtual host 'localhost'
21-Dec-2022 15:32:51.570 INFORMAÇÕES [http-nio-8001-exec-2] org.apache.catalina.core.ApplicationContext.log Manager: undeploy: Undeploying web application at '/tasks'
21-Dec-2022 15:32:52.124 INFORMAÇÕES [http-nio-8001-exec-14] org.apache.catalina.core.ApplicationContext.log Manager: deploy: Deploying web application '/tasks'
21-Dec-2022 15:32:52.124 INFORMAÇÕES [http-nio-8001-exec-14] org.apache.catalina.core.ApplicationContext.log Manager: Uploading WAR file to /home/al3ncar/www/DevOps/apache-tomcat-8.5.50/webapps/tasks.war
21-Dec-2022 15:34:12.492 INFORMAÇÕES [http-nio-8001-exec-17] org.apache.catalina.core.ApplicationContext.log Manager: list: Listing contexts for virtual host 'localhost'
21-Dec-2022 15:34:12.493 INFORMAÇÕES [http-nio-8001-exec-19] org.apache.catalina.core.ApplicationContext.log Manager: list: Listing contexts for virtual host 'localhost'
21-Dec-2022 15:34:12.494 INFORMAÇÕES [http-nio-8001-exec-18] org.apache.catalina.core.ApplicationContext.log Manager: undeploy: Undeploying web application at '/tasks-backend'
21-Dec-2022 15:34:13.041 INFORMAÇÕES [http-nio-8001-exec-12] org.apache.catalina.core.ApplicationContext.log Manager: deploy: Deploying web application '/tasks-backend'
21-Dec-2022 15:34:13.042 INFORMAÇÕES [http-nio-8001-exec-12] org.apache.catalina.core.ApplicationContext.log Manager: Uploading WAR file to /home/al3ncar/www/DevOps/apache-tomcat-8.5.50/webapps/tasks-backend.war
21-Dec-2022 15:34:29.769 INFORMAÇÕES [http-nio-8001-exec-9] org.apache.catalina.core.ApplicationContext.log Manager: list: Listing contexts for virtual host 'localhost'
21-Dec-2022 15:34:29.772 INFORMAÇÕES [http-nio-8001-exec-10] org.apache.catalina.core.ApplicationContext.log Manager: list: Listing contexts for virtual host 'localhost'
21-Dec-2022 15:34:29.774 INFORMAÇÕES [http-nio-8001-exec-20] org.apache.catalina.core.ApplicationContext.log Manager: undeploy: Undeploying web application at '/tasks'
21-Dec-2022 15:34:30.314 INFORMAÇÕES [http-nio-8001-exec-24] org.apache.catalina.core.ApplicationContext.log Manager: deploy: Deploying web application '/tasks'
21-Dec-2022 15:34:30.315 INFORMAÇÕES [http-nio-8001-exec-24] org.apache.catalina.core.ApplicationContext.log Manager: Uploading WAR file to /home/al3ncar/www/DevOps/apache-tomcat-8.5.50/webapps/tasks.war
21-Dec-2022 16:41:07.969 INFORMAÇÕES [http-nio-8001-exec-26] org.apache.catalina.core.ApplicationContext.log Manager: list: Listing contexts for virtual host 'localhost'
21-Dec-2022 16:41:07.971 INFORMAÇÕES [http-nio-8001-exec-27] org.apache.catalina.core.ApplicationContext.log Manager: list: Listing contexts for virtual host 'localhost'
21-Dec-2022 16:41:07.972 INFORMAÇÕES [http-nio-8001-exec-28] org.apache.catalina.core.ApplicationContext.log Manager: undeploy: Undeploying web application at '/tasks-backend'
21-Dec-2022 16:41:08.505 INFORMAÇÕES [http-nio-8001-exec-30] org.apache.catalina.core.ApplicationContext.log Manager: deploy: Deploying web application '/tasks-backend'
21-Dec-2022 16:41:08.505 INFORMAÇÕES [http-nio-8001-exec-30] org.apache.catalina.core.ApplicationContext.log Manager: Uploading WAR file to /home/al3ncar/www/DevOps/apache-tomcat-8.5.50/webapps/tasks-backend.war
21-Dec-2022 16:41:23.300 INFORMAÇÕES [http-nio-8001-exec-26] org.apache.catalina.core.ApplicationContext.log Manager: list: Listing contexts for virtual host 'localhost'
21-Dec-2022 16:41:23.301 INFORMAÇÕES [http-nio-8001-exec-27] org.apache.catalina.core.ApplicationContext.log Manager: list: Listing contexts for virtual host 'localhost'
21-Dec-2022 16:41:23.302 INFORMAÇÕES [http-nio-8001-exec-34] org.apache.catalina.core.ApplicationContext.log Manager: undeploy: Undeploying web application at '/tasks'
21-Dec-2022 16:41:23.826 INFORMAÇÕES [http-nio-8001-exec-37] org.apache.catalina.core.ApplicationContext.log Manager: deploy: Deploying web application '/tasks'
21-Dec-2022 16:41:23.827 INFORMAÇÕES [http-nio-8001-exec-37] org.apache.catalina.core.ApplicationContext.log Manager: Uploading WAR file to /home/al3ncar/www/DevOps/apache-tomcat-8.5.50/webapps/tasks.war
21-Dec-2022 16:43:06.726 INFORMAÇÕES [http-nio-8001-exec-41] org.apache.catalina.core.ApplicationContext.log Manager: list: Listing contexts for virtual host 'localhost'
21-Dec-2022 16:43:06.727 INFORMAÇÕES [http-nio-8001-exec-43] org.apache.catalina.core.ApplicationContext.log Manager: list: Listing contexts for virtual host 'localhost'
21-Dec-2022 16:43:06.728 INFORMAÇÕES [http-nio-8001-exec-40] org.apache.catalina.core.ApplicationContext.log Manager: undeploy: Undeploying web application at '/tasks-backend'
21-Dec-2022 16:43:07.273 INFORMAÇÕES [http-nio-8001-exec-38] org.apache.catalina.core.ApplicationContext.log Manager: deploy: Deploying web application '/tasks-backend'
21-Dec-2022 16:43:07.273 INFORMAÇÕES [http-nio-8001-exec-38] org.apache.catalina.core.ApplicationContext.log Manager: Uploading WAR file to /home/al3ncar/www/DevOps/apache-tomcat-8.5.50/webapps/tasks-backend.war
21-Dec-2022 16:43:22.979 INFORMAÇÕES [http-nio-8001-exec-44] org.apache.catalina.core.ApplicationContext.log Manager: list: Listing contexts for virtual host 'localhost'
21-Dec-2022 16:43:22.981 INFORMAÇÕES [http-nio-8001-exec-42] org.apache.catalina.core.ApplicationContext.log Manager: list: Listing contexts for virtual host 'localhost'
21-Dec-2022 16:43:22.982 INFORMAÇÕES [http-nio-8001-exec-45] org.apache.catalina.core.ApplicationContext.log Manager: undeploy: Undeploying web application at '/tasks'
21-Dec-2022 16:43:23.511 INFORMAÇÕES [http-nio-8001-exec-46] org.apache.catalina.core.ApplicationContext.log Manager: deploy: Deploying web application '/tasks'
21-Dec-2022 16:43:23.511 INFORMAÇÕES [http-nio-8001-exec-46] org.apache.catalina.core.ApplicationContext.log Manager: Uploading WAR file to /home/al3ncar/www/DevOps/apache-tomcat-8.5.50/webapps/tasks.war
21-Dec-2022 16:52:29.510 INFORMAÇÕES [http-nio-8001-exec-52] org.apache.catalina.core.ApplicationContext.log Manager: list: Listing contexts for virtual host 'localhost'
21-Dec-2022 16:52:29.511 INFORMAÇÕES [http-nio-8001-exec-50] org.apache.catalina.core.ApplicationContext.log Manager: list: Listing contexts for virtual host 'localhost'
21-Dec-2022 16:52:29.512 INFORMAÇÕES [http-nio-8001-exec-51] org.apache.catalina.core.ApplicationContext.log Manager: undeploy: Undeploying web application at '/tasks-backend'
21-Dec-2022 16:52:30.051 INFORMAÇÕES [http-nio-8001-exec-58] org.apache.catalina.core.ApplicationContext.log Manager: deploy: Deploying web application '/tasks-backend'
21-Dec-2022 16:52:30.051 INFORMAÇÕES [http-nio-8001-exec-58] org.apache.catalina.core.ApplicationContext.log Manager: Uploading WAR file to /home/al3ncar/www/DevOps/apache-tomcat-8.5.50/webapps/tasks-backend.war
21-Dec-2022 16:52:44.412 INFORMAÇÕES [http-nio-8001-exec-55] org.apache.catalina.core.ApplicationContext.log Manager: list: Listing contexts for virtual host 'localhost'
21-Dec-2022 16:52:44.413 INFORMAÇÕES [http-nio-8001-exec-63] org.apache.catalina.core.ApplicationContext.log Manager: list: Listing contexts for virtual host 'localhost'
21-Dec-2022 16:52:44.414 INFORMAÇÕES [http-nio-8001-exec-53] org.apache.catalina.core.ApplicationContext.log Manager: undeploy: Undeploying web application at '/tasks'
21-Dec-2022 16:52:44.941 INFORMAÇÕES [http-nio-8001-exec-50] org.apache.catalina.core.ApplicationContext.log Manager: deploy: Deploying web application '/tasks'
21-Dec-2022 16:52:44.941 INFORMAÇÕES [http-nio-8001-exec-50] org.apache.catalina.core.ApplicationContext.log Manager: Uploading WAR file to /home/al3ncar/www/DevOps/apache-tomcat-8.5.50/webapps/tasks.war
21-Dec-2022 17:14:17.019 INFORMAÇÕES [http-nio-8001-exec-64] org.apache.catalina.core.ApplicationContext.log HTMLManager: init: Associated with Deployer 'Catalina:type=Deployer,host=localhost'
21-Dec-2022 17:14:17.019 INFORMAÇÕES [http-nio-8001-exec-64] org.apache.catalina.core.ApplicationContext.log HTMLManager: init: Global resources are available
21-Dec-2022 17:14:17.025 INFORMAÇÕES [http-nio-8001-exec-64] org.apache.catalina.core.ApplicationContext.log HTMLManager: list: Listing contexts for virtual host 'localhost'
21-Dec-2022 19:09:09.599 INFORMAÇÕES [http-nio-8001-exec-1] org.apache.catalina.core.ApplicationContext.log Manager: init: Associated with Deployer 'Catalina:type=Deployer,host=localhost'
21-Dec-2022 19:09:09.600 INFORMAÇÕES [http-nio-8001-exec-1] org.apache.catalina.core.ApplicationContext.log Manager: init: Global resources are available
21-Dec-2022 19:09:09.605 INFORMAÇÕES [http-nio-8001-exec-1] org.apache.catalina.core.ApplicationContext.log Manager: list: Listing contexts for virtual host 'localhost'
21-Dec-2022 19:09:09.612 INFORMAÇÕES [http-nio-8001-exec-2] org.apache.catalina.core.ApplicationContext.log Manager: list: Listing contexts for virtual host 'localhost'
21-Dec-2022 19:09:09.615 INFORMAÇÕES [http-nio-8001-exec-3] org.apache.catalina.core.ApplicationContext.log Manager: undeploy: Undeploying web application at '/tasks-backend'
21-Dec-2022 19:09:10.156 INFORMAÇÕES [http-nio-8001-exec-1] org.apache.catalina.core.ApplicationContext.log Manager: deploy: Deploying web application '/tasks-backend'
21-Dec-2022 19:09:10.156 INFORMAÇÕES [http-nio-8001-exec-1] org.apache.catalina.core.ApplicationContext.log Manager: Uploading WAR file to /home/al3ncar/www/DevOps/apache-tomcat-8.5.50/webapps/tasks-backend.war
21-Dec-2022 19:09:24.636 INFORMAÇÕES [http-nio-8001-exec-10] org.apache.catalina.core.ApplicationContext.log Manager: list: Listing contexts for virtual host 'localhost'
21-Dec-2022 19:09:24.637 INFORMAÇÕES [http-nio-8001-exec-8] org.apache.catalina.core.ApplicationContext.log Manager: list: Listing contexts for virtual host 'localhost'
21-Dec-2022 19:09:24.638 INFORMAÇÕES [http-nio-8001-exec-4] org.apache.catalina.core.ApplicationContext.log Manager: undeploy: Undeploying web application at '/tasks'
21-Dec-2022 19:09:25.173 INFORMAÇÕES [http-nio-8001-exec-13] org.apache.catalina.core.ApplicationContext.log Manager: deploy: Deploying web application '/tasks'
21-Dec-2022 19:09:25.173 INFORMAÇÕES [http-nio-8001-exec-13] org.apache.catalina.core.ApplicationContext.log Manager: Uploading WAR file to /home/al3ncar/www/DevOps/apache-tomcat-8.5.50/webapps/tasks.war
21-Dec-2022 19:22:07.191 INFORMAÇÕES [http-nio-8001-exec-16] org.apache.catalina.core.ApplicationContext.log Manager: list: Listing contexts for virtual host 'localhost'
21-Dec-2022 19:22:07.193 INFORMAÇÕES [http-nio-8001-exec-17] org.apache.catalina.core.ApplicationContext.log Manager: list: Listing contexts for virtual host 'localhost'
21-Dec-2022 19:22:07.195 INFORMAÇÕES [http-nio-8001-exec-15] org.apache.catalina.core.ApplicationContext.log Manager: undeploy: Undeploying web application at '/tasks-backend'
21-Dec-2022 19:22:07.733 INFORMAÇÕES [http-nio-8001-exec-20] org.apache.catalina.core.ApplicationContext.log Manager: deploy: Deploying web application '/tasks-backend'
21-Dec-2022 19:22:07.733 INFORMAÇÕES [http-nio-8001-exec-20] org.apache.catalina.core.ApplicationContext.log Manager: Uploading WAR file to /home/al3ncar/www/DevOps/apache-tomcat-8.5.50/webapps/tasks-backend.war
21-Dec-2022 19:22:21.871 INFORMAÇÕES [http-nio-8001-exec-22] org.apache.catalina.core.ApplicationContext.log Manager: list: Listing contexts for virtual host 'localhost'
21-Dec-2022 19:22:21.872 INFORMAÇÕES [http-nio-8001-exec-24] org.apache.catalina.core.ApplicationContext.log Manager: list: Listing contexts for virtual host 'localhost'
21-Dec-2022 19:22:21.874 INFORMAÇÕES [http-nio-8001-exec-21] org.apache.catalina.core.ApplicationContext.log Manager: undeploy: Undeploying web application at '/tasks'
21-Dec-2022 19:22:22.399 INFORMAÇÕES [http-nio-8001-exec-26] org.apache.catalina.core.ApplicationContext.log Manager: deploy: Deploying web application '/tasks'
21-Dec-2022 19:22:22.399 INFORMAÇÕES [http-nio-8001-exec-26] org.apache.catalina.core.ApplicationContext.log Manager: Uploading WAR file to /home/al3ncar/www/DevOps/apache-tomcat-8.5.50/webapps/tasks.war
